{"C:\\Users\\30816\\Desktop\\anyuer678-improve\\04-patches\\repos\\desktoppet\\src\\main\\index.ts": {"path":"C:\\Users\\30816\\Desktop\\anyuer678-improve\\04-patches\\repos\\desktoppet\\src\\main\\index.ts","statementMap":{"0":{"start":{"line":32,"column":28},"end":{"line":32,"column":null}},"1":{"start":{"line":35,"column":38},"end":{"line":35,"column":null}},"2":{"start":{"line":38,"column":2},"end":{"line":38,"column":null}},"3":{"start":{"line":42,"column":6},"end":{"line":46,"column":null}},"4":{"start":{"line":43,"column":21},"end":{"line":43,"column":null}},"5":{"start":{"line":44,"column":28},"end":{"line":44,"column":null}},"6":{"start":{"line":45,"column":32},"end":{"line":45,"column":null}},"7":{"start":{"line":49,"column":6},"end":{"line":53,"column":null}},"8":{"start":{"line":50,"column":38},"end":{"line":50,"column":null}},"9":{"start":{"line":51,"column":26},"end":{"line":51,"column":null}},"10":{"start":{"line":52,"column":35},"end":{"line":52,"column":null}},"11":{"start":{"line":56,"column":6},"end":{"line":60,"column":null}},"12":{"start":{"line":57,"column":22},"end":{"line":57,"column":null}},"13":{"start":{"line":58,"column":23},"end":{"line":58,"column":null}},"14":{"start":{"line":59,"column":17},"end":{"line":59,"column":null}},"15":{"start":{"line":63,"column":18},"end":{"line":63,"column":null}},"16":{"start":{"line":63,"column":64},"end":{"line":63,"column":null}},"17":{"start":{"line":64,"column":21},"end":{"line":64,"column":null}},"18":{"start":{"line":64,"column":67},"end":{"line":64,"column":null}},"19":{"start":{"line":67,"column":6},"end":{"line":67,"column":null}},"20":{"start":{"line":70,"column":6},"end":{"line":73,"column":null}},"21":{"start":{"line":71,"column":30},"end":{"line":71,"column":null}},"22":{"start":{"line":76,"column":6},"end":{"line":81,"column":null}},"23":{"start":{"line":77,"column":21},"end":{"line":77,"column":null}},"24":{"start":{"line":84,"column":6},"end":{"line":90,"column":null}},"25":{"start":{"line":93,"column":6},"end":{"line":99,"column":null}},"26":{"start":{"line":102,"column":6},"end":{"line":102,"column":null}},"27":{"start":{"line":103,"column":25},"end":{"line":108,"column":null}},"28":{"start":{"line":104,"column":21},"end":{"line":106,"column":null}},"29":{"start":{"line":107,"column":2},"end":{"line":107,"column":null}},"30":{"start":{"line":111,"column":6},"end":{"line":118,"column":null}},"31":{"start":{"line":115,"column":20},"end":{"line":115,"column":null}},"32":{"start":{"line":121,"column":6},"end":{"line":121,"column":null}},"33":{"start":{"line":124,"column":6},"end":{"line":129,"column":null}},"34":{"start":{"line":133,"column":2},"end":{"line":133,"column":null}},"35":{"start":{"line":134,"column":2},"end":{"line":134,"column":null}},"36":{"start":{"line":135,"column":2},"end":{"line":135,"column":null}},"37":{"start":{"line":139,"column":0},"end":{"line":139,"column":null}},"38":{"start":{"line":141,"column":0},"end":{"line":141,"column":null}},"39":{"start":{"line":143,"column":0},"end":{"line":218,"column":null}},"40":{"start":{"line":143,"column":37},"end":{"line":143,"column":57}},"41":{"start":{"line":144,"column":2},"end":{"line":144,"column":null}},"42":{"start":{"line":146,"column":2},"end":{"line":204,"column":null}},"43":{"start":{"line":147,"column":4},"end":{"line":147,"column":null}},"44":{"start":{"line":148,"column":4},"end":{"line":148,"column":null}},"45":{"start":{"line":149,"column":4},"end":{"line":149,"column":null}},"46":{"start":{"line":150,"column":4},"end":{"line":150,"column":null}},"47":{"start":{"line":151,"column":4},"end":{"line":151,"column":null}},"48":{"start":{"line":152,"column":4},"end":{"line":152,"column":null}},"49":{"start":{"line":153,"column":4},"end":{"line":153,"column":null}},"50":{"start":{"line":154,"column":4},"end":{"line":154,"column":null}},"51":{"start":{"line":155,"column":4},"end":{"line":155,"column":null}},"52":{"start":{"line":156,"column":4},"end":{"line":156,"column":null}},"53":{"start":{"line":157,"column":4},"end":{"line":157,"column":null}},"54":{"start":{"line":158,"column":4},"end":{"line":158,"column":null}},"55":{"start":{"line":159,"column":4},"end":{"line":159,"column":null}},"56":{"start":{"line":160,"column":4},"end":{"line":160,"column":null}},"57":{"start":{"line":162,"column":4},"end":{"line":180,"column":null}},"58":{"start":{"line":176,"column":27},"end":{"line":176,"column":null}},"59":{"start":{"line":178,"column":34},"end":{"line":178,"column":null}},"60":{"start":{"line":179,"column":24},"end":{"line":179,"column":null}},"61":{"start":{"line":181,"column":4},"end":{"line":181,"column":null}},"62":{"start":{"line":182,"column":4},"end":{"line":186,"column":null}},"63":{"start":{"line":183,"column":21},"end":{"line":183,"column":null}},"64":{"start":{"line":184,"column":21},"end":{"line":184,"column":null}},"65":{"start":{"line":185,"column":27},"end":{"line":185,"column":null}},"66":{"start":{"line":187,"column":4},"end":{"line":187,"column":null}},"67":{"start":{"line":188,"column":4},"end":{"line":188,"column":null}},"68":{"start":{"line":189,"column":4},"end":{"line":189,"column":null}},"69":{"start":{"line":189,"column":47},"end":{"line":189,"column":74}},"70":{"start":{"line":191,"column":4},"end":{"line":191,"column":null}},"71":{"start":{"line":192,"column":4},"end":{"line":192,"column":null}},"72":{"start":{"line":195,"column":10},"end":{"line":198,"column":null}},"73":{"start":{"line":196,"column":27},"end":{"line":196,"column":null}},"74":{"start":{"line":199,"column":4},"end":{"line":199,"column":null}},"75":{"start":{"line":201,"column":4},"end":{"line":203,"column":null}},"76":{"start":{"line":202,"column":6},"end":{"line":202,"column":null}},"77":{"start":{"line":202,"column":54},"end":{"line":202,"column":null}},"78":{"start":{"line":207,"column":2},"end":{"line":213,"column":null}},"79":{"start":{"line":208,"column":10},"end":{"line":208,"column":null}},"80":{"start":{"line":209,"column":10},"end":{"line":209,"column":null}},"81":{"start":{"line":210,"column":10},"end":{"line":210,"column":null}},"82":{"start":{"line":211,"column":10},"end":{"line":211,"column":null}},"83":{"start":{"line":212,"column":10},"end":{"line":212,"column":null}},"84":{"start":{"line":215,"column":2},"end":{"line":217,"column":null}},"85":{"start":{"line":216,"column":4},"end":{"line":216,"column":null}}},"fnMap":{"0":{"name":"log","decl":{"start":{"line":37,"column":9},"end":{"line":37,"column":13}},"loc":{"start":{"line":37,"column":90},"end":{"line":39,"column":null}},"line":37},"1":{"name":"(anonymous_1)","decl":{"start":{"line":43,"column":15},"end":{"line":43,"column":21}},"loc":{"start":{"line":43,"column":21},"end":{"line":43,"column":null}},"line":43},"2":{"name":"(anonymous_2)","decl":{"start":{"line":44,"column":14},"end":{"line":44,"column":15}},"loc":{"start":{"line":44,"column":28},"end":{"line":44,"column":null}},"line":44},"3":{"name":"(anonymous_3)","decl":{"start":{"line":45,"column":18},"end":{"line":45,"column":19}},"loc":{"start":{"line":45,"column":32},"end":{"line":45,"column":null}},"line":45},"4":{"name":"(anonymous_4)","decl":{"start":{"line":50,"column":25},"end":{"line":50,"column":26}},"loc":{"start":{"line":50,"column":38},"end":{"line":50,"column":null}},"line":50},"5":{"name":"(anonymous_5)","decl":{"start":{"line":51,"column":16},"end":{"line":51,"column":17}},"loc":{"start":{"line":51,"column":26},"end":{"line":51,"column":null}},"line":51},"6":{"name":"(anonymous_6)","decl":{"start":{"line":52,"column":13},"end":{"line":52,"column":14}},"loc":{"start":{"line":52,"column":35},"end":{"line":52,"column":null}},"line":52},"7":{"name":"(anonymous_7)","decl":{"start":{"line":57,"column":16},"end":{"line":57,"column":22}},"loc":{"start":{"line":57,"column":22},"end":{"line":57,"column":null}},"line":57},"8":{"name":"(anonymous_8)","decl":{"start":{"line":58,"column":14},"end":{"line":58,"column":15}},"loc":{"start":{"line":58,"column":23},"end":{"line":58,"column":null}},"line":58},"9":{"name":"(anonymous_9)","decl":{"start":{"line":59,"column":11},"end":{"line":59,"column":17}},"loc":{"start":{"line":59,"column":17},"end":{"line":59,"column":null}},"line":59},"10":{"name":"(anonymous_10)","decl":{"start":{"line":63,"column":18},"end":{"line":63,"column":19}},"loc":{"start":{"line":63,"column":64},"end":{"line":63,"column":null}},"line":63},"11":{"name":"(anonymous_11)","decl":{"start":{"line":64,"column":21},"end":{"line":64,"column":22}},"loc":{"start":{"line":64,"column":67},"end":{"line":64,"column":null}},"line":64},"12":{"name":"(anonymous_12)","decl":{"start":{"line":71,"column":24},"end":{"line":71,"column":30}},"loc":{"start":{"line":71,"column":30},"end":{"line":71,"column":null}},"line":71},"13":{"name":"(anonymous_13)","decl":{"start":{"line":77,"column":15},"end":{"line":77,"column":21}},"loc":{"start":{"line":77,"column":21},"end":{"line":77,"column":null}},"line":77},"14":{"name":"(anonymous_14)","decl":{"start":{"line":103,"column":25},"end":{"line":103,"column":32}},"loc":{"start":{"line":103,"column":65},"end":{"line":108,"column":null}},"line":103},"15":{"name":"(anonymous_15)","decl":{"start":{"line":115,"column":14},"end":{"line":115,"column":20}},"loc":{"start":{"line":115,"column":20},"end":{"line":115,"column":null}},"line":115},"16":{"name":"selectCharacter","decl":{"start":{"line":132,"column":9},"end":{"line":132,"column":25}},"loc":{"start":{"line":132,"column":43},"end":{"line":136,"column":null}},"line":132},"17":{"name":"(anonymous_17)","decl":{"start":{"line":143,"column":31},"end":{"line":143,"column":37}},"loc":{"start":{"line":143,"column":37},"end":{"line":143,"column":57}},"line":143},"18":{"name":"(anonymous_18)","decl":{"start":{"line":146,"column":23},"end":{"line":146,"column":29}},"loc":{"start":{"line":146,"column":29},"end":{"line":204,"column":3}},"line":146},"19":{"name":"(anonymous_19)","decl":{"start":{"line":176,"column":18},"end":{"line":176,"column":19}},"loc":{"start":{"line":176,"column":27},"end":{"line":176,"column":null}},"line":176},"20":{"name":"(anonymous_20)","decl":{"start":{"line":178,"column":28},"end":{"line":178,"column":34}},"loc":{"start":{"line":178,"column":34},"end":{"line":178,"column":null}},"line":178},"21":{"name":"(anonymous_21)","decl":{"start":{"line":179,"column":18},"end":{"line":179,"column":24}},"loc":{"start":{"line":179,"column":24},"end":{"line":179,"column":null}},"line":179},"22":{"name":"(anonymous_22)","decl":{"start":{"line":183,"column":15},"end":{"line":183,"column":21}},"loc":{"start":{"line":183,"column":21},"end":{"line":183,"column":null}},"line":183},"23":{"name":"(anonymous_23)","decl":{"start":{"line":184,"column":15},"end":{"line":184,"column":21}},"loc":{"start":{"line":184,"column":21},"end":{"line":184,"column":null}},"line":184},"24":{"name":"(anonymous_24)","decl":{"start":{"line":185,"column":18},"end":{"line":185,"column":19}},"loc":{"start":{"line":185,"column":27},"end":{"line":185,"column":null}},"line":185},"25":{"name":"(anonymous_25)","decl":{"start":{"line":189,"column":41},"end":{"line":189,"column":47}},"loc":{"start":{"line":189,"column":47},"end":{"line":189,"column":74}},"line":189},"26":{"name":"(anonymous_26)","decl":{"start":{"line":196,"column":21},"end":{"line":196,"column":27}},"loc":{"start":{"line":196,"column":27},"end":{"line":196,"column":null}},"line":196},"27":{"name":"(anonymous_27)","decl":{"start":{"line":201,"column":23},"end":{"line":201,"column":29}},"loc":{"start":{"line":201,"column":29},"end":{"line":203,"column":5}},"line":201},"28":{"name":"(anonymous_28)","decl":{"start":{"line":208,"column":4},"end":{"line":208,"column":10}},"loc":{"start":{"line":208,"column":10},"end":{"line":208,"column":null}},"line":208},"29":{"name":"(anonymous_29)","decl":{"start":{"line":209,"column":4},"end":{"line":209,"column":10}},"loc":{"start":{"line":209,"column":10},"end":{"line":209,"column":null}},"line":209},"30":{"name":"(anonymous_30)","decl":{"start":{"line":210,"column":4},"end":{"line":210,"column":10}},"loc":{"start":{"line":210,"column":10},"end":{"line":210,"column":null}},"line":210},"31":{"name":"(anonymous_31)","decl":{"start":{"line":211,"column":4},"end":{"line":211,"column":10}},"loc":{"start":{"line":211,"column":10},"end":{"line":211,"column":null}},"line":211},"32":{"name":"(anonymous_32)","decl":{"start":{"line":212,"column":4},"end":{"line":212,"column":10}},"loc":{"start":{"line":212,"column":10},"end":{"line":212,"column":null}},"line":212},"33":{"name":"(anonymous_33)","decl":{"start":{"line":215,"column":30},"end":{"line":215,"column":36}},"loc":{"start":{"line":215,"column":36},"end":{"line":217,"column":3}},"line":215}},"branchMap":{"0":{"loc":{"start":{"line":143,"column":0},"end":{"line":218,"column":null}},"type":"if","locations":[{"start":{"line":143,"column":0},"end":{"line":218,"column":null}},{"start":{"line":145,"column":7},"end":{"line":218,"column":null}}],"line":143},"1":{"loc":{"start":{"line":202,"column":6},"end":{"line":202,"column":null}},"type":"if","locations":[{"start":{"line":202,"column":6},"end":{"line":202,"column":null}},{"start":{},"end":{}}],"line":202}},"s":{"0":0,"1":0,"2":0,"3":0,"4":0,"5":0,"6":0,"7":0,"8":0,"9":0,"10":0,"11":0,"12":0,"13":0,"14":0,"15":0,"16":0,"17":0,"18":0,"19":0,"20":0,"21":0,"22":0,"23":0,"24":0,"25":0,"26":0,"27":0,"28":0,"29":0,"30":0,"31":0,"32":0,"33":0,"34":0,"35":0,"36":0,"37":0,"38":0,"39":0,"40":0,"41":0,"42":0,"43":0,"44":0,"45":0,"46":0,"47":0,"48":0,"49":0,"50":0,"51":0,"52":0,"53":0,"54":0,"55":0,"56":0,"57":0,"58":0,"59":0,"60":0,"61":0,"62":0,"63":0,"64":0,"65":0,"66":0,"67":0,"68":0,"69":0,"70":0,"71":0,"72":0,"73":0,"74":0,"75":0,"76":0,"77":0,"78":0,"79":0,"80":0,"81":0,"82":0,"83":0,"84":0,"85":0},"f":{"0":0,"1":0,"2":0,"3":0,"4":0,"5":0,"6":0,"7":0,"8":0,"9":0,"10":0,"11":0,"12":0,"13":0,"14":0,"15":0,"16":0,"17":0,"18":0,"19":0,"20":0,"21":0,"22":0,"23":0,"24":0,"25":0,"26":0,"27":0,"28":0,"29":0,"30":0,"31":0,"32":0,"33":0},"b":{"0":[0,0],"1":[0,0]},"meta":{"lastBranch":2,"lastFunction":34,"lastStatement":86,"seen":{"s:32:28:32:Infinity":0,"s:35:38:35:Infinity":1,"f:37:9:37:13":0,"s:38:2:38:Infinity":2,"s:42:6:46:Infinity":3,"f:43:15:43:21":1,"s:43:21:43:Infinity":4,"f:44:14:44:15":2,"s:44:28:44:Infinity":5,"f:45:18:45:19":3,"s:45:32:45:Infinity":6,"s:49:6:53:Infinity":7,"f:50:25:50:26":4,"s:50:38:50:Infinity":8,"f:51:16:51:17":5,"s:51:26:51:Infinity":9,"f:52:13:52:14":6,"s:52:35:52:Infinity":10,"s:56:6:60:Infinity":11,"f:57:16:57:22":7,"s:57:22:57:Infinity":12,"f:58:14:58:15":8,"s:58:23:58:Infinity":13,"f:59:11:59:17":9,"s:59:17:59:Infinity":14,"s:63:18:63:Infinity":15,"f:63:18:63:19":10,"s:63:64:63:Infinity":16,"s:64:21:64:Infinity":17,"f:64:21:64:22":11,"s:64:67:64:Infinity":18,"s:67:6:67:Infinity":19,"s:70:6:73:Infinity":20,"f:71:24:71:30":12,"s:71:30:71:Infinity":21,"s:76:6:81:Infinity":22,"f:77:15:77:21":13,"s:77:21:77:Infinity":23,"s:84:6:90:Infinity":24,"s:93:6:99:Infinity":25,"s:102:6:102:Infinity":26,"s:103:25:108:Infinity":27,"f:103:25:103:32":14,"s:104:21:106:Infinity":28,"s:107:2:107:Infinity":29,"s:111:6:118:Infinity":30,"f:115:14:115:20":15,"s:115:20:115:Infinity":31,"s:121:6:121:Infinity":32,"s:124:6:129:Infinity":33,"f:132:9:132:25":16,"s:133:2:133:Infinity":34,"s:134:2:134:Infinity":35,"s:135:2:135:Infinity":36,"s:139:0:139:Infinity":37,"s:141:0:141:Infinity":38,"b:143:0:218:Infinity:145:7:218:Infinity":0,"s:143:0:218:Infinity":39,"f:143:31:143:37":17,"s:143:37:143:57":40,"s:144:2:144:Infinity":41,"s:146:2:204:Infinity":42,"f:146:23:146:29":18,"s:147:4:147:Infinity":43,"s:148:4:148:Infinity":44,"s:149:4:149:Infinity":45,"s:150:4:150:Infinity":46,"s:151:4:151:Infinity":47,"s:152:4:152:Infinity":48,"s:153:4:153:Infinity":49,"s:154:4:154:Infinity":50,"s:155:4:155:Infinity":51,"s:156:4:156:Infinity":52,"s:157:4:157:Infinity":53,"s:158:4:158:Infinity":54,"s:159:4:159:Infinity":55,"s:160:4:160:Infinity":56,"s:162:4:180:Infinity":57,"f:176:18:176:19":19,"s:176:27:176:Infinity":58,"f:178:28:178:34":20,"s:178:34:178:Infinity":59,"f:179:18:179:24":21,"s:179:24:179:Infinity":60,"s:181:4:181:Infinity":61,"s:182:4:186:Infinity":62,"f:183:15:183:21":22,"s:183:21:183:Infinity":63,"f:184:15:184:21":23,"s:184:21:184:Infinity":64,"f:185:18:185:19":24,"s:185:27:185:Infinity":65,"s:187:4:187:Infinity":66,"s:188:4:188:Infinity":67,"s:189:4:189:Infinity":68,"f:189:41:189:47":25,"s:189:47:189:74":69,"s:191:4:191:Infinity":70,"s:192:4:192:Infinity":71,"s:195:10:198:Infinity":72,"f:196:21:196:27":26,"s:196:27:196:Infinity":73,"s:199:4:199:Infinity":74,"s:201:4:203:Infinity":75,"f:201:23:201:29":27,"b:202:6:202:Infinity:undefined:undefined:undefined:undefined":1,"s:202:6:202:Infinity":76,"s:202:54:202:Infinity":77,"s:207:2:213:Infinity":78,"f:208:4:208:10":28,"s:208:10:208:Infinity":79,"f:209:4:209:10":29,"s:209:10:209:Infinity":80,"f:210:4:210:10":30,"s:210:10:210:Infinity":81,"f:211:4:211:10":31,"s:211:10:211:Infinity":82,"f:212:4:212:10":32,"s:212:10:212:Infinity":83,"s:215:2:217:Infinity":84,"f:215:30:215:36":33,"s:216:4:216:Infinity":85},"fnNames":{}}}
,"C:\\Users\\30816\\Desktop\\anyuer678-improve\\04-patches\\repos\\desktoppet\\src\\main\\app\\lifecycle.ts": {"path":"C:\\Users\\30816\\Desktop\\anyuer678-improve\\04-patches\\repos\\desktoppet\\src\\main\\app\\lifecycle.ts","statementMap":{"0":{"start":{"line":8,"column":18},"end":{"line":8,"column":null}},"1":{"start":{"line":9,"column":2},"end":{"line":13,"column":null}},"2":{"start":{"line":10,"column":4},"end":{"line":12,"column":null}},"3":{"start":{"line":11,"column":6},"end":{"line":11,"column":null}},"4":{"start":{"line":14,"column":2},"end":{"line":14,"column":null}},"5":{"start":{"line":23,"column":2},"end":{"line":27,"column":null}},"6":{"start":{"line":24,"column":4},"end":{"line":26,"column":null}},"7":{"start":{"line":25,"column":6},"end":{"line":25,"column":null}}},"fnMap":{"0":{"name":"acquireSingleInstanceLock","decl":{"start":{"line":7,"column":16},"end":{"line":7,"column":42}},"loc":{"start":{"line":7,"column":81},"end":{"line":15,"column":null}},"line":7},"1":{"name":"(anonymous_1)","decl":{"start":{"line":10,"column":30},"end":{"line":10,"column":36}},"loc":{"start":{"line":10,"column":36},"end":{"line":12,"column":5}},"line":10},"2":{"name":"registerQuitCleanup","decl":{"start":{"line":22,"column":16},"end":{"line":22,"column":36}},"loc":{"start":{"line":22,"column":74},"end":{"line":28,"column":null}},"line":22},"3":{"name":"(anonymous_3)","decl":{"start":{"line":23,"column":22},"end":{"line":23,"column":28}},"loc":{"start":{"line":23,"column":28},"end":{"line":27,"column":3}},"line":23}},"branchMap":{"0":{"loc":{"start":{"line":9,"column":2},"end":{"line":13,"column":null}},"type":"if","locations":[{"start":{"line":9,"column":2},"end":{"line":13,"column":null}},{"start":{},"end":{}}],"line":9}},"s":{"0":0,"1":0,"2":0,"3":0,"4":0,"5":0,"6":0,"7":0},"f":{"0":0,"1":0,"2":0,"3":0},"b":{"0":[0,0]},"meta":{"lastBranch":1,"lastFunction":4,"lastStatement":8,"seen":{"f:7:16:7:42":0,"s:8:18:8:Infinity":0,"b:9:2:13:Infinity:undefined:undefined:undefined:undefined":0,"s:9:2:13:Infinity":1,"s:10:4:12:Infinity":2,"f:10:30:10:36":1,"s:11:6:11:Infinity":3,"s:14:2:14:Infinity":4,"f:22:16:22:36":2,"s:23:2:27:Infinity":5,"f:23:22:23:28":3,"s:24:4:26:Infinity":6,"s:25:6:25:Infinity":7},"fnNames":{}}}
,"C:\\Users\\30816\\Desktop\\anyuer678-improve\\04-patches\\repos\\desktoppet\\src\\main\\app\\paths.ts": {"path":"C:\\Users\\30816\\Desktop\\anyuer678-improve\\04-patches\\repos\\desktoppet\\src\\main\\app\\paths.ts","statementMap":{"0":{"start":{"line":11,"column":2},"end":{"line":13,"column":null}},"1":{"start":{"line":12,"column":4},"end":{"line":12,"column":null}},"2":{"start":{"line":14,"column":2},"end":{"line":14,"column":null}},"3":{"start":{"line":19,"column":2},"end":{"line":21,"column":null}},"4":{"start":{"line":20,"column":4},"end":{"line":20,"column":null}},"5":{"start":{"line":22,"column":2},"end":{"line":22,"column":null}},"6":{"start":{"line":26,"column":2},"end":{"line":26,"column":null}},"7":{"start":{"line":30,"column":2},"end":{"line":30,"column":null}},"8":{"start":{"line":35,"column":2},"end":{"line":35,"column":null}},"9":{"start":{"line":40,"column":2},"end":{"line":40,"column":null}},"10":{"start":{"line":45,"column":2},"end":{"line":45,"column":null}},"11":{"start":{"line":50,"column":2},"end":{"line":50,"column":null}}},"fnMap":{"0":{"name":"charactersRoot","decl":{"start":{"line":10,"column":16},"end":{"line":10,"column":41}},"loc":{"start":{"line":10,"column":41},"end":{"line":15,"column":null}},"line":10},"1":{"name":"pluginsDir","decl":{"start":{"line":18,"column":16},"end":{"line":18,"column":37}},"loc":{"start":{"line":18,"column":37},"end":{"line":23,"column":null}},"line":18},"2":{"name":"settingsPath","decl":{"start":{"line":25,"column":16},"end":{"line":25,"column":39}},"loc":{"start":{"line":25,"column":39},"end":{"line":27,"column":null}},"line":25},"3":{"name":"schedulesPath","decl":{"start":{"line":29,"column":16},"end":{"line":29,"column":40}},"loc":{"start":{"line":29,"column":40},"end":{"line":31,"column":null}},"line":29},"4":{"name":"statsRootPath","decl":{"start":{"line":34,"column":16},"end":{"line":34,"column":40}},"loc":{"start":{"line":34,"column":40},"end":{"line":36,"column":null}},"line":34},"5":{"name":"pushApiConfigPath","decl":{"start":{"line":39,"column":16},"end":{"line":39,"column":44}},"loc":{"start":{"line":39,"column":44},"end":{"line":41,"column":null}},"line":39},"6":{"name":"passiveConfigPath","decl":{"start":{"line":44,"column":16},"end":{"line":44,"column":44}},"loc":{"start":{"line":44,"column":44},"end":{"line":46,"column":null}},"line":44},"7":{"name":"reportOutputDir","decl":{"start":{"line":49,"column":16},"end":{"line":49,"column":42}},"loc":{"start":{"line":49,"column":42},"end":{"line":51,"column":null}},"line":49}},"branchMap":{"0":{"loc":{"start":{"line":11,"column":2},"end":{"line":13,"column":null}},"type":"if","locations":[{"start":{"line":11,"column":2},"end":{"line":13,"column":null}},{"start":{},"end":{}}],"line":11},"1":{"loc":{"start":{"line":19,"column":2},"end":{"line":21,"column":null}},"type":"if","locations":[{"start":{"line":19,"column":2},"end":{"line":21,"column":null}},{"start":{},"end":{}}],"line":19}},"s":{"0":0,"1":0,"2":0,"3":0,"4":0,"5":0,"6":0,"7":0,"8":0,"9":0,"10":0,"11":0},"f":{"0":0,"1":0,"2":0,"3":0,"4":0,"5":0,"6":0,"7":0},"b":{"0":[0,0],"1":[0,0]},"meta":{"lastBranch":2,"lastFunction":8,"lastStatement":12,"seen":{"f:10:16:10:41":0,"b:11:2:13:Infinity:undefined:undefined:undefined:undefined":0,"s:11:2:13:Infinity":0,"s:12:4:12:Infinity":1,"s:14:2:14:Infinity":2,"f:18:16:18:37":1,"b:19:2:21:Infinity:undefined:undefined:undefined:undefined":1,"s:19:2:21:Infinity":3,"s:20:4:20:Infinity":4,"s:22:2:22:Infinity":5,"f:25:16:25:39":2,"s:26:2:26:Infinity":6,"f:29:16:29:40":3,"s:30:2:30:Infinity":7,"f:34:16:34:40":4,"s:35:2:35:Infinity":8,"f:39:16:39:44":5,"s:40:2:40:Infinity":9,"f:44:16:44:44":6,"s:45:2:45:Infinity":10,"f:49:16:49:42":7,"s:50:2:50:Infinity":11},"fnNames":{}}}
,"C:\\Users\\30816\\Desktop\\anyuer678-improve\\04-patches\\repos\\desktoppet\\src\\main\\app\\seed.ts": {"path":"C:\\Users\\30816\\Desktop\\anyuer678-improve\\04-patches\\repos\\desktoppet\\src\\main\\app\\seed.ts","statementMap":{"0":{"start":{"line":9,"column":2},"end":{"line":9,"column":null}},"1":{"start":{"line":9,"column":23},"end":{"line":9,"column":null}},"2":{"start":{"line":10,"column":8},"end":{"line":10,"column":null}},"3":{"start":{"line":11,"column":2},"end":{"line":11,"column":null}},"4":{"start":{"line":11,"column":45},"end":{"line":11,"column":null}},"5":{"start":{"line":12,"column":8},"end":{"line":12,"column":null}},"6":{"start":{"line":13,"column":2},"end":{"line":13,"column":null}},"7":{"start":{"line":13,"column":33},"end":{"line":13,"column":null}},"8":{"start":{"line":14,"column":2},"end":{"line":19,"column":null}},"9":{"start":{"line":15,"column":4},"end":{"line":15,"column":null}},"10":{"start":{"line":16,"column":4},"end":{"line":16,"column":null}},"11":{"start":{"line":18,"column":4},"end":{"line":18,"column":null}},"12":{"start":{"line":24,"column":2},"end":{"line":24,"column":null}},"13":{"start":{"line":24,"column":23},"end":{"line":24,"column":null}},"14":{"start":{"line":25,"column":8},"end":{"line":25,"column":null}},"15":{"start":{"line":26,"column":2},"end":{"line":26,"column":null}},"16":{"start":{"line":26,"column":47},"end":{"line":26,"column":null}},"17":{"start":{"line":27,"column":8},"end":{"line":27,"column":null}},"18":{"start":{"line":28,"column":2},"end":{"line":28,"column":null}},"19":{"start":{"line":28,"column":35},"end":{"line":28,"column":null}},"20":{"start":{"line":29,"column":2},"end":{"line":34,"column":null}},"21":{"start":{"line":30,"column":4},"end":{"line":30,"column":null}},"22":{"start":{"line":31,"column":4},"end":{"line":31,"column":null}},"23":{"start":{"line":33,"column":4},"end":{"line":33,"column":null}}},"fnMap":{"0":{"name":"seedDefaultCharacters","decl":{"start":{"line":8,"column":16},"end":{"line":8,"column":38}},"loc":{"start":{"line":8,"column":56},"end":{"line":20,"column":null}},"line":8},"1":{"name":"seedDefaultPlugins","decl":{"start":{"line":23,"column":16},"end":{"line":23,"column":35}},"loc":{"start":{"line":23,"column":53},"end":{"line":35,"column":null}},"line":23}},"branchMap":{"0":{"loc":{"start":{"line":9,"column":2},"end":{"line":9,"column":null}},"type":"if","locations":[{"start":{"line":9,"column":2},"end":{"line":9,"column":null}},{"start":{},"end":{}}],"line":9},"1":{"loc":{"start":{"line":11,"column":2},"end":{"line":11,"column":null}},"type":"if","locations":[{"start":{"line":11,"column":2},"end":{"line":11,"column":null}},{"start":{},"end":{}}],"line":11},"2":{"loc":{"start":{"line":13,"column":2},"end":{"line":13,"column":null}},"type":"if","locations":[{"start":{"line":13,"column":2},"end":{"line":13,"column":null}},{"start":{},"end":{}}],"line":13},"3":{"loc":{"start":{"line":24,"column":2},"end":{"line":24,"column":null}},"type":"if","locations":[{"start":{"line":24,"column":2},"end":{"line":24,"column":null}},{"start":{},"end":{}}],"line":24},"4":{"loc":{"start":{"line":26,"column":2},"end":{"line":26,"column":null}},"type":"if","locations":[{"start":{"line":26,"column":2},"end":{"line":26,"column":null}},{"start":{},"end":{}}],"line":26},"5":{"loc":{"start":{"line":28,"column":2},"end":{"line":28,"column":null}},"type":"if","locations":[{"start":{"line":28,"column":2},"end":{"line":28,"column":null}},{"start":{},"end":{}}],"line":28}},"s":{"0":0,"1":0,"2":0,"3":0,"4":0,"5":0,"6":0,"7":0,"8":0,"9":0,"10":0,"11":0,"12":0,"13":0,"14":0,"15":0,"16":0,"17":0,"18":0,"19":0,"20":0,"21":0,"22":0,"23":0},"f":{"0":0,"1":0},"b":{"0":[0,0],"1":[0,0],"2":[0,0],"3":[0,0],"4":[0,0],"5":[0,0]},"meta":{"lastBranch":6,"lastFunction":2,"lastStatement":24,"seen":{"f:8:16:8:38":0,"b:9:2:9:Infinity:undefined:undefined:undefined:undefined":0,"s:9:2:9:Infinity":0,"s:9:23:9:Infinity":1,"s:10:8:10:Infinity":2,"b:11:2:11:Infinity:undefined:undefined:undefined:undefined":1,"s:11:2:11:Infinity":3,"s:11:45:11:Infinity":4,"s:12:8:12:Infinity":5,"b:13:2:13:Infinity:undefined:undefined:undefined:undefined":2,"s:13:2:13:Infinity":6,"s:13:33:13:Infinity":7,"s:14:2:19:Infinity":8,"s:15:4:15:Infinity":9,"s:16:4:16:Infinity":10,"s:18:4:18:Infinity":11,"f:23:16:23:35":1,"b:24:2:24:Infinity:undefined:undefined:undefined:undefined":3,"s:24:2:24:Infinity":12,"s:24:23:24:Infinity":13,"s:25:8:25:Infinity":14,"b:26:2:26:Infinity:undefined:undefined:undefined:undefined":4,"s:26:2:26:Infinity":15,"s:26:47:26:Infinity":16,"s:27:8:27:Infinity":17,"b:28:2:28:Infinity:undefined:undefined:undefined:undefined":5,"s:28:2:28:Infinity":18,"s:28:35:28:Infinity":19,"s:29:2:34:Infinity":20,"s:30:4:30:Infinity":21,"s:31:4:31:Infinity":22,"s:33:4:33:Infinity":23},"fnNames":{}}}
,"C:\\Users\\30816\\Desktop\\anyuer678-improve\\04-patches\\repos\\desktoppet\\src\\main\\app\\updater.ts": {"path":"C:\\Users\\30816\\Desktop\\anyuer678-improve\\04-patches\\repos\\desktoppet\\src\\main\\app\\updater.ts","statementMap":{"0":{"start":{"line":28,"column":33},"end":{"line":28,"column":null}},"1":{"start":{"line":29,"column":17},"end":{"line":29,"column":null}},"2":{"start":{"line":32,"column":2},"end":{"line":32,"column":null}},"3":{"start":{"line":33,"column":2},"end":{"line":33,"column":null}},"4":{"start":{"line":34,"column":2},"end":{"line":39,"column":null}},"5":{"start":{"line":35,"column":27},"end":{"line":35,"column":null}},"6":{"start":{"line":36,"column":27},"end":{"line":36,"column":null}},"7":{"start":{"line":37,"column":28},"end":{"line":37,"column":null}},"8":{"start":{"line":42,"column":2},"end":{"line":51,"column":null}},"9":{"start":{"line":43,"column":4},"end":{"line":43,"column":null}},"10":{"start":{"line":44,"column":16},"end":{"line":44,"column":null}},"11":{"start":{"line":45,"column":4},"end":{"line":50,"column":null}},"12":{"start":{"line":46,"column":6},"end":{"line":49,"column":null}},"13":{"start":{"line":54,"column":2},"end":{"line":56,"column":null}},"14":{"start":{"line":55,"column":4},"end":{"line":55,"column":null}},"15":{"start":{"line":59,"column":2},"end":{"line":61,"column":null}},"16":{"start":{"line":60,"column":4},"end":{"line":60,"column":null}},"17":{"start":{"line":64,"column":2},"end":{"line":72,"column":null}},"18":{"start":{"line":65,"column":4},"end":{"line":65,"column":null}},"19":{"start":{"line":66,"column":16},"end":{"line":66,"column":null}},"20":{"start":{"line":67,"column":4},"end":{"line":71,"column":null}},"21":{"start":{"line":68,"column":6},"end":{"line":70,"column":null}},"22":{"start":{"line":75,"column":2},"end":{"line":78,"column":null}},"23":{"start":{"line":76,"column":4},"end":{"line":76,"column":null}},"24":{"start":{"line":77,"column":4},"end":{"line":77,"column":null}},"25":{"start":{"line":81,"column":4},"end":{"line":81,"column":null}},"26":{"start":{"line":81,"column":18},"end":{"line":81,"column":null}},"27":{"start":{"line":82,"column":4},"end":{"line":82,"column":null}},"28":{"start":{"line":83,"column":4},"end":{"line":83,"column":null}},"29":{"start":{"line":84,"column":4},"end":{"line":88,"column":null}},"30":{"start":{"line":85,"column":6},"end":{"line":85,"column":null}},"31":{"start":{"line":87,"column":6},"end":{"line":87,"column":null}},"32":{"start":{"line":91,"column":2},"end":{"line":99,"column":null}},"33":{"start":{"line":94,"column":6},"end":{"line":96,"column":null}},"34":{"start":{"line":95,"column":8},"end":{"line":95,"column":null}}},"fnMap":{"0":{"name":"createUpdater","decl":{"start":{"line":27,"column":16},"end":{"line":27,"column":30}},"loc":{"start":{"line":27,"column":58},"end":{"line":100,"column":null}},"line":27},"1":{"name":"(anonymous_1)","decl":{"start":{"line":35,"column":10},"end":{"line":35,"column":11}},"loc":{"start":{"line":35,"column":27},"end":{"line":35,"column":null}},"line":35},"2":{"name":"(anonymous_2)","decl":{"start":{"line":36,"column":10},"end":{"line":36,"column":11}},"loc":{"start":{"line":36,"column":27},"end":{"line":36,"column":null}},"line":36},"3":{"name":"(anonymous_3)","decl":{"start":{"line":37,"column":11},"end":{"line":37,"column":12}},"loc":{"start":{"line":37,"column":28},"end":{"line":37,"column":null}},"line":37},"4":{"name":"(anonymous_4)","decl":{"start":{"line":38,"column":11},"end":{"line":38,"column":17}},"loc":{"start":{"line":38,"column":17},"end":{"line":38,"column":null}},"line":38},"5":{"name":"(anonymous_5)","decl":{"start":{"line":42,"column":37},"end":{"line":42,"column":38}},"loc":{"start":{"line":42,"column":47},"end":{"line":51,"column":3}},"line":42},"6":{"name":"(anonymous_6)","decl":{"start":{"line":54,"column":41},"end":{"line":54,"column":47}},"loc":{"start":{"line":54,"column":47},"end":{"line":56,"column":3}},"line":54},"7":{"name":"(anonymous_7)","decl":{"start":{"line":59,"column":38},"end":{"line":59,"column":39}},"loc":{"start":{"line":59,"column":52},"end":{"line":61,"column":3}},"line":59},"8":{"name":"(anonymous_8)","decl":{"start":{"line":64,"column":38},"end":{"line":64,"column":39}},"loc":{"start":{"line":64,"column":48},"end":{"line":72,"column":3}},"line":64},"9":{"name":"(anonymous_9)","decl":{"start":{"line":75,"column":26},"end":{"line":75,"column":27}},"loc":{"start":{"line":75,"column":35},"end":{"line":78,"column":3}},"line":75},"10":{"name":"doCheck","decl":{"start":{"line":80,"column":11},"end":{"line":80,"column":27}},"loc":{"start":{"line":80,"column":27},"end":{"line":89,"column":null}},"line":80},"11":{"name":"(anonymous_11)","decl":{"start":{"line":84,"column":40},"end":{"line":84,"column":41}},"loc":{"start":{"line":84,"column":49},"end":{"line":86,"column":5}},"line":84},"12":{"name":"(anonymous_12)","decl":{"start":{"line":86,"column":15},"end":{"line":86,"column":21}},"loc":{"start":{"line":86,"column":21},"end":{"line":88,"column":5}},"line":86},"13":{"name":"(anonymous_13)","decl":{"start":{"line":92,"column":11},"end":{"line":92,"column":17}},"loc":{"start":{"line":92,"column":17},"end":{"line":97,"column":null}},"line":92},"14":{"name":"(anonymous_14)","decl":{"start":{"line":94,"column":17},"end":{"line":94,"column":23}},"loc":{"start":{"line":94,"column":23},"end":{"line":96,"column":9}},"line":94}},"branchMap":{"0":{"loc":{"start":{"line":45,"column":4},"end":{"line":50,"column":null}},"type":"if","locations":[{"start":{"line":45,"column":4},"end":{"line":50,"column":null}},{"start":{},"end":{}}],"line":45},"1":{"loc":{"start":{"line":45,"column":8},"end":{"line":45,"column":35}},"type":"binary-expr","locations":[{"start":{"line":45,"column":8},"end":{"line":45,"column":15}},{"start":{"line":45,"column":15},"end":{"line":45,"column":35}}],"line":45},"2":{"loc":{"start":{"line":67,"column":4},"end":{"line":71,"column":null}},"type":"if","locations":[{"start":{"line":67,"column":4},"end":{"line":71,"column":null}},{"start":{},"end":{}}],"line":67},"3":{"loc":{"start":{"line":67,"column":8},"end":{"line":67,"column":35}},"type":"binary-expr","locations":[{"start":{"line":67,"column":8},"end":{"line":67,"column":15}},{"start":{"line":67,"column":15},"end":{"line":67,"column":35}}],"line":67},"4":{"loc":{"start":{"line":81,"column":4},"end":{"line":81,"column":null}},"type":"if","locations":[{"start":{"line":81,"column":4},"end":{"line":81,"column":null}},{"start":{},"end":{}}],"line":81}},"s":{"0":0,"1":0,"2":0,"3":0,"4":0,"5":0,"6":0,"7":0,"8":0,"9":0,"10":0,"11":0,"12":0,"13":0,"14":0,"15":0,"16":0,"17":0,"18":0,"19":0,"20":0,"21":0,"22":0,"23":0,"24":0,"25":0,"26":0,"27":0,"28":0,"29":0,"30":0,"31":0,"32":0,"33":0,"34":0},"f":{"0":0,"1":0,"2":0,"3":0,"4":0,"5":0,"6":0,"7":0,"8":0,"9":0,"10":0,"11":0,"12":0,"13":0,"14":0},"b":{"0":[0,0],"1":[0,0],"2":[0,0],"3":[0,0],"4":[0,0]},"meta":{"lastBranch":5,"lastFunction":15,"lastStatement":35,"seen":{"f:27:16:27:30":0,"s:28:33:28:Infinity":0,"s:29:17:29:Infinity":1,"s:32:2:32:Infinity":2,"s:33:2:33:Infinity":3,"s:34:2:39:Infinity":4,"f:35:10:35:11":1,"s:35:27:35:Infinity":5,"f:36:10:36:11":2,"s:36:27:36:Infinity":6,"f:37:11:37:12":3,"s:37:28:37:Infinity":7,"f:38:11:38:17":4,"s:42:2:51:Infinity":8,"f:42:37:42:38":5,"s:43:4:43:Infinity":9,"s:44:16:44:Infinity":10,"b:45:4:50:Infinity:undefined:undefined:undefined:undefined":0,"s:45:4:50:Infinity":11,"b:45:8:45:15:45:15:45:35":1,"s:46:6:49:Infinity":12,"s:54:2:56:Infinity":13,"f:54:41:54:47":6,"s:55:4:55:Infinity":14,"s:59:2:61:Infinity":15,"f:59:38:59:39":7,"s:60:4:60:Infinity":16,"s:64:2:72:Infinity":17,"f:64:38:64:39":8,"s:65:4:65:Infinity":18,"s:66:16:66:Infinity":19,"b:67:4:71:Infinity:undefined:undefined:undefined:undefined":2,"s:67:4:71:Infinity":20,"b:67:8:67:15:67:15:67:35":3,"s:68:6:70:Infinity":21,"s:75:2:78:Infinity":22,"f:75:26:75:27":9,"s:76:4:76:Infinity":23,"s:77:4:77:Infinity":24,"f:80:11:80:27":10,"b:81:4:81:Infinity:undefined:undefined:undefined:undefined":4,"s:81:4:81:Infinity":25,"s:81:18:81:Infinity":26,"s:82:4:82:Infinity":27,"s:83:4:83:Infinity":28,"s:84:4:88:Infinity":29,"f:84:40:84:41":11,"s:85:6:85:Infinity":30,"f:86:15:86:21":12,"s:87:6:87:Infinity":31,"s:91:2:99:Infinity":32,"f:92:11:92:17":13,"s:94:6:96:Infinity":33,"f:94:17:94:23":14,"s:95:8:95:Infinity":34},"fnNames":{}}}
,"C:\\Users\\30816\\Desktop\\anyuer678-improve\\04-patches\\repos\\desktoppet\\src\\main\\character\\configEditor.ts": {"path":"C:\\Users\\30816\\Desktop\\anyuer678-improve\\04-patches\\repos\\desktoppet\\src\\main\\character\\configEditor.ts","statementMap":{"0":{"start":{"line":7,"column":2},"end":{"line":7,"column":null}},"1":{"start":{"line":7,"column":60},"end":{"line":7,"column":null}},"2":{"start":{"line":8,"column":2},"end":{"line":8,"column":null}},"3":{"start":{"line":17,"column":4},"end":{"line":19,"column":null}},"4":{"start":{"line":21,"column":4},"end":{"line":23,"column":null}},"5":{"start":{"line":25,"column":2},"end":{"line":25,"column":null}},"6":{"start":{"line":25,"column":40},"end":{"line":25,"column":null}},"7":{"start":{"line":26,"column":2},"end":{"line":26,"column":null}},"8":{"start":{"line":26,"column":43},"end":{"line":26,"column":null}},"9":{"start":{"line":27,"column":2},"end":{"line":27,"column":null}},"10":{"start":{"line":27,"column":34},"end":{"line":27,"column":null}},"11":{"start":{"line":28,"column":2},"end":{"line":28,"column":null}},"12":{"start":{"line":28,"column":41},"end":{"line":28,"column":null}},"13":{"start":{"line":30,"column":2},"end":{"line":30,"column":null}},"14":{"start":{"line":30,"column":39},"end":{"line":30,"column":null}},"15":{"start":{"line":31,"column":2},"end":{"line":31,"column":null}},"16":{"start":{"line":31,"column":37},"end":{"line":31,"column":null}},"17":{"start":{"line":32,"column":2},"end":{"line":32,"column":null}},"18":{"start":{"line":37,"column":2},"end":{"line":37,"column":null}},"19":{"start":{"line":37,"column":60},"end":{"line":37,"column":null}},"20":{"start":{"line":38,"column":2},"end":{"line":38,"column":null}},"21":{"start":{"line":43,"column":2},"end":{"line":45,"column":null}},"22":{"start":{"line":58,"column":2},"end":{"line":58,"column":null}},"23":{"start":{"line":58,"column":31},"end":{"line":58,"column":null}},"24":{"start":{"line":60,"column":2},"end":{"line":64,"column":null}},"25":{"start":{"line":61,"column":4},"end":{"line":61,"column":null}},"26":{"start":{"line":63,"column":4},"end":{"line":63,"column":null}},"27":{"start":{"line":65,"column":2},"end":{"line":67,"column":null}},"28":{"start":{"line":66,"column":4},"end":{"line":66,"column":null}},"29":{"start":{"line":69,"column":2},"end":{"line":72,"column":null}},"30":{"start":{"line":70,"column":4},"end":{"line":70,"column":null}},"31":{"start":{"line":70,"column":68},"end":{"line":70,"column":null}},"32":{"start":{"line":71,"column":4},"end":{"line":71,"column":null}},"33":{"start":{"line":73,"column":2},"end":{"line":76,"column":null}},"34":{"start":{"line":74,"column":4},"end":{"line":74,"column":null}},"35":{"start":{"line":74,"column":74},"end":{"line":74,"column":null}},"36":{"start":{"line":75,"column":4},"end":{"line":75,"column":null}},"37":{"start":{"line":77,"column":2},"end":{"line":82,"column":null}},"38":{"start":{"line":78,"column":4},"end":{"line":81,"column":null}},"39":{"start":{"line":83,"column":2},"end":{"line":88,"column":null}},"40":{"start":{"line":84,"column":4},"end":{"line":87,"column":null}},"41":{"start":{"line":90,"column":2},"end":{"line":105,"column":null}},"42":{"start":{"line":92,"column":6},"end":{"line":94,"column":null}},"43":{"start":{"line":95,"column":4},"end":{"line":97,"column":null}},"44":{"start":{"line":96,"column":6},"end":{"line":96,"column":null}},"45":{"start":{"line":98,"column":4},"end":{"line":100,"column":null}},"46":{"start":{"line":99,"column":6},"end":{"line":99,"column":null}},"47":{"start":{"line":101,"column":4},"end":{"line":103,"column":null}},"48":{"start":{"line":102,"column":6},"end":{"line":102,"column":null}},"49":{"start":{"line":104,"column":4},"end":{"line":104,"column":null}},"50":{"start":{"line":108,"column":4},"end":{"line":110,"column":null}},"51":{"start":{"line":112,"column":4},"end":{"line":114,"column":null}},"52":{"start":{"line":116,"column":21},"end":{"line":128,"column":null}},"53":{"start":{"line":118,"column":6},"end":{"line":120,"column":null}},"54":{"start":{"line":122,"column":6},"end":{"line":124,"column":null}},"55":{"start":{"line":125,"column":4},"end":{"line":125,"column":null}},"56":{"start":{"line":126,"column":4},"end":{"line":126,"column":null}},"57":{"start":{"line":126,"column":43},"end":{"line":126,"column":null}},"58":{"start":{"line":127,"column":4},"end":{"line":127,"column":null}},"59":{"start":{"line":130,"column":2},"end":{"line":130,"column":null}},"60":{"start":{"line":130,"column":32},"end":{"line":130,"column":null}},"61":{"start":{"line":131,"column":2},"end":{"line":135,"column":null}},"62":{"start":{"line":132,"column":4},"end":{"line":134,"column":null}},"63":{"start":{"line":133,"column":6},"end":{"line":133,"column":null}},"64":{"start":{"line":133,"column":22},"end":{"line":133,"column":null}},"65":{"start":{"line":136,"column":2},"end":{"line":139,"column":null}},"66":{"start":{"line":137,"column":4},"end":{"line":137,"column":null}},"67":{"start":{"line":138,"column":4},"end":{"line":138,"column":null}},"68":{"start":{"line":141,"column":2},"end":{"line":181,"column":null}},"69":{"start":{"line":142,"column":18},"end":{"line":142,"column":null}},"70":{"start":{"line":144,"column":6},"end":{"line":146,"column":null}},"71":{"start":{"line":148,"column":6},"end":{"line":150,"column":null}},"72":{"start":{"line":152,"column":6},"end":{"line":154,"column":null}},"73":{"start":{"line":155,"column":4},"end":{"line":163,"column":null}},"74":{"start":{"line":157,"column":8},"end":{"line":159,"column":null}},"75":{"start":{"line":160,"column":6},"end":{"line":160,"column":null}},"76":{"start":{"line":160,"column":37},"end":{"line":160,"column":null}},"77":{"start":{"line":161,"column":6},"end":{"line":161,"column":null}},"78":{"start":{"line":161,"column":35},"end":{"line":161,"column":null}},"79":{"start":{"line":162,"column":6},"end":{"line":162,"column":null}},"80":{"start":{"line":164,"column":4},"end":{"line":164,"column":null}},"81":{"start":{"line":166,"column":6},"end":{"line":168,"column":null}},"82":{"start":{"line":169,"column":4},"end":{"line":169,"column":null}},"83":{"start":{"line":169,"column":37},"end":{"line":169,"column":null}},"84":{"start":{"line":171,"column":6},"end":{"line":173,"column":null}},"85":{"start":{"line":174,"column":4},"end":{"line":174,"column":null}},"86":{"start":{"line":174,"column":42},"end":{"line":174,"column":null}},"87":{"start":{"line":175,"column":4},"end":{"line":175,"column":null}},"88":{"start":{"line":175,"column":36},"end":{"line":175,"column":null}},"89":{"start":{"line":176,"column":4},"end":{"line":176,"column":null}},"90":{"start":{"line":176,"column":35},"end":{"line":176,"column":null}},"91":{"start":{"line":177,"column":4},"end":{"line":177,"column":null}},"92":{"start":{"line":177,"column":42},"end":{"line":177,"column":null}},"93":{"start":{"line":178,"column":4},"end":{"line":178,"column":null}},"94":{"start":{"line":179,"column":4},"end":{"line":179,"column":null}},"95":{"start":{"line":180,"column":4},"end":{"line":180,"column":null}},"96":{"start":{"line":183,"column":2},"end":{"line":190,"column":null}},"97":{"start":{"line":185,"column":21},"end":{"line":185,"column":null}},"98":{"start":{"line":186,"column":4},"end":{"line":186,"column":null}},"99":{"start":{"line":187,"column":4},"end":{"line":187,"column":null}},"100":{"start":{"line":189,"column":4},"end":{"line":189,"column":null}},"101":{"start":{"line":191,"column":2},"end":{"line":191,"column":null}}},"fnMap":{"0":{"name":"clampNumber","decl":{"start":{"line":6,"column":16},"end":{"line":6,"column":28}},"loc":{"start":{"line":6,"column":96},"end":{"line":9,"column":null}},"line":6},"1":{"name":"applyStateTemplate","decl":{"start":{"line":12,"column":9},"end":{"line":12,"column":null}},"loc":{"start":{"line":15,"column":27},"end":{"line":33,"column":null}},"line":15},"2":{"name":"clampHour","decl":{"start":{"line":36,"column":9},"end":{"line":36,"column":19}},"loc":{"start":{"line":36,"column":61},"end":{"line":39,"column":null}},"line":36},"3":{"name":"normalizeInteraction","decl":{"start":{"line":42,"column":9},"end":{"line":42,"column":30}},"loc":{"start":{"line":42,"column":94},"end":{"line":46,"column":null}},"line":42},"4":{"name":"updateCharacterConfig","decl":{"start":{"line":57,"column":16},"end":{"line":57,"column":38}},"loc":{"start":{"line":57,"column":99},"end":{"line":192,"column":null}},"line":57},"5":{"name":"(anonymous_5)","decl":{"start":{"line":116,"column":21},"end":{"line":116,"column":22}},"loc":{"start":{"line":116,"column":81},"end":{"line":128,"column":null}},"line":116}},"branchMap":{"0":{"loc":{"start":{"line":7,"column":2},"end":{"line":7,"column":null}},"type":"if","locations":[{"start":{"line":7,"column":2},"end":{"line":7,"column":null}},{"start":{},"end":{}}],"line":7},"1":{"loc":{"start":{"line":7,"column":6},"end":{"line":7,"column":60}},"type":"binary-expr","locations":[{"start":{"line":7,"column":6},"end":{"line":7,"column":35}},{"start":{"line":7,"column":35},"end":{"line":7,"column":60}}],"line":7},"2":{"loc":{"start":{"line":17,"column":4},"end":{"line":19,"column":null}},"type":"cond-expr","locations":[{"start":{"line":18,"column":9},"end":{"line":18,"column":null}},{"start":{"line":19,"column":8},"end":{"line":19,"column":null}}],"line":17},"3":{"loc":{"start":{"line":17,"column":4},"end":{"line":17,"column":null}},"type":"binary-expr","locations":[{"start":{"line":17,"column":4},"end":{"line":17,"column":44}},{"start":{"line":17,"column":44},"end":{"line":17,"column":null}}],"line":17},"4":{"loc":{"start":{"line":21,"column":4},"end":{"line":23,"column":null}},"type":"cond-expr","locations":[{"start":{"line":22,"column":9},"end":{"line":22,"column":null}},{"start":{"line":23,"column":8},"end":{"line":23,"column":null}}],"line":21},"5":{"loc":{"start":{"line":21,"column":4},"end":{"line":21,"column":null}},"type":"binary-expr","locations":[{"start":{"line":21,"column":4},"end":{"line":21,"column":42}},{"start":{"line":21,"column":42},"end":{"line":21,"column":null}}],"line":21},"6":{"loc":{"start":{"line":25,"column":2},"end":{"line":25,"column":null}},"type":"if","locations":[{"start":{"line":25,"column":2},"end":{"line":25,"column":null}},{"start":{},"end":{}}],"line":25},"7":{"loc":{"start":{"line":26,"column":2},"end":{"line":26,"column":null}},"type":"if","locations":[{"start":{"line":26,"column":2},"end":{"line":26,"column":null}},{"start":{},"end":{}}],"line":26},"8":{"loc":{"start":{"line":27,"column":2},"end":{"line":27,"column":null}},"type":"if","locations":[{"start":{"line":27,"column":2},"end":{"line":27,"column":null}},{"start":{},"end":{}}],"line":27},"9":{"loc":{"start":{"line":28,"column":2},"end":{"line":28,"column":null}},"type":"if","locations":[{"start":{"line":28,"column":2},"end":{"line":28,"column":null}},{"start":{},"end":{}}],"line":28},"10":{"loc":{"start":{"line":30,"column":2},"end":{"line":30,"column":null}},"type":"if","locations":[{"start":{"line":30,"column":2},"end":{"line":30,"column":null}},{"start":{},"end":{}}],"line":30},"11":{"loc":{"start":{"line":31,"column":2},"end":{"line":31,"column":null}},"type":"if","locations":[{"start":{"line":31,"column":2},"end":{"line":31,"column":null}},{"start":{},"end":{}}],"line":31},"12":{"loc":{"start":{"line":37,"column":2},"end":{"line":37,"column":null}},"type":"if","locations":[{"start":{"line":37,"column":2},"end":{"line":37,"column":null}},{"start":{},"end":{}}],"line":37},"13":{"loc":{"start":{"line":37,"column":6},"end":{"line":37,"column":60}},"type":"binary-expr","locations":[{"start":{"line":37,"column":6},"end":{"line":37,"column":35}},{"start":{"line":37,"column":35},"end":{"line":37,"column":60}}],"line":37},"14":{"loc":{"start":{"line":43,"column":9},"end":{"line":45,"column":null}},"type":"cond-expr","locations":[{"start":{"line":44,"column":7},"end":{"line":44,"column":null}},{"start":{"line":45,"column":6},"end":{"line":45,"column":null}}],"line":43},"15":{"loc":{"start":{"line":43,"column":9},"end":{"line":43,"column":null}},"type":"binary-expr","locations":[{"start":{"line":43,"column":9},"end":{"line":43,"column":39}},{"start":{"line":43,"column":39},"end":{"line":43,"column":null}}],"line":43},"16":{"loc":{"start":{"line":58,"column":2},"end":{"line":58,"column":null}},"type":"if","locations":[{"start":{"line":58,"column":2},"end":{"line":58,"column":null}},{"start":{},"end":{}}],"line":58},"17":{"loc":{"start":{"line":65,"column":2},"end":{"line":67,"column":null}},"type":"if","locations":[{"start":{"line":65,"column":2},"end":{"line":67,"column":null}},{"start":{},"end":{}}],"line":65},"18":{"loc":{"start":{"line":65,"column":6},"end":{"line":65,"column":78}},"type":"binary-expr","locations":[{"start":{"line":65,"column":6},"end":{"line":65,"column":36}},{"start":{"line":65,"column":36},"end":{"line":65,"column":55}},{"start":{"line":65,"column":55},"end":{"line":65,"column":78}}],"line":65},"19":{"loc":{"start":{"line":69,"column":2},"end":{"line":72,"column":null}},"type":"if","locations":[{"start":{"line":69,"column":2},"end":{"line":72,"column":null}},{"start":{},"end":{}}],"line":69},"20":{"loc":{"start":{"line":70,"column":4},"end":{"line":70,"column":null}},"type":"if","locations":[{"start":{"line":70,"column":4},"end":{"line":70,"column":null}},{"start":{},"end":{}}],"line":70},"21":{"loc":{"start":{"line":70,"column":8},"end":{"line":70,"column":68}},"type":"binary-expr","locations":[{"start":{"line":70,"column":8},"end":{"line":70,"column":42}},{"start":{"line":70,"column":42},"end":{"line":70,"column":68}}],"line":70},"22":{"loc":{"start":{"line":73,"column":2},"end":{"line":76,"column":null}},"type":"if","locations":[{"start":{"line":73,"column":2},"end":{"line":76,"column":null}},{"start":{},"end":{}}],"line":73},"23":{"loc":{"start":{"line":74,"column":4},"end":{"line":74,"column":null}},"type":"if","locations":[{"start":{"line":74,"column":4},"end":{"line":74,"column":null}},{"start":{},"end":{}}],"line":74},"24":{"loc":{"start":{"line":74,"column":8},"end":{"line":74,"column":74}},"type":"binary-expr","locations":[{"start":{"line":74,"column":8},"end":{"line":74,"column":45}},{"start":{"line":74,"column":45},"end":{"line":74,"column":74}}],"line":74},"25":{"loc":{"start":{"line":77,"column":2},"end":{"line":82,"column":null}},"type":"if","locations":[{"start":{"line":77,"column":2},"end":{"line":82,"column":null}},{"start":{},"end":{}}],"line":77},"26":{"loc":{"start":{"line":79,"column":10},"end":{"line":79,"column":null}},"type":"cond-expr","locations":[{"start":{"line":79,"column":76},"end":{"line":79,"column":94}},{"start":{"line":79,"column":94},"end":{"line":79,"column":null}}],"line":79},"27":{"loc":{"start":{"line":79,"column":10},"end":{"line":79,"column":76}},"type":"binary-expr","locations":[{"start":{"line":79,"column":10},"end":{"line":79,"column":49}},{"start":{"line":79,"column":49},"end":{"line":79,"column":76}}],"line":79},"28":{"loc":{"start":{"line":83,"column":2},"end":{"line":88,"column":null}},"type":"if","locations":[{"start":{"line":83,"column":2},"end":{"line":88,"column":null}},{"start":{},"end":{}}],"line":83},"29":{"loc":{"start":{"line":85,"column":10},"end":{"line":85,"column":null}},"type":"cond-expr","locations":[{"start":{"line":85,"column":76},"end":{"line":85,"column":94}},{"start":{"line":85,"column":94},"end":{"line":85,"column":null}}],"line":85},"30":{"loc":{"start":{"line":85,"column":10},"end":{"line":85,"column":76}},"type":"binary-expr","locations":[{"start":{"line":85,"column":10},"end":{"line":85,"column":49}},{"start":{"line":85,"column":49},"end":{"line":85,"column":76}}],"line":85},"31":{"loc":{"start":{"line":90,"column":2},"end":{"line":105,"column":null}},"type":"if","locations":[{"start":{"line":90,"column":2},"end":{"line":105,"column":null}},{"start":{},"end":{}}],"line":90},"32":{"loc":{"start":{"line":92,"column":6},"end":{"line":94,"column":null}},"type":"cond-expr","locations":[{"start":{"line":93,"column":11},"end":{"line":93,"column":null}},{"start":{"line":94,"column":10},"end":{"line":94,"column":null}}],"line":92},"33":{"loc":{"start":{"line":92,"column":6},"end":{"line":92,"column":null}},"type":"binary-expr","locations":[{"start":{"line":92,"column":6},"end":{"line":92,"column":48}},{"start":{"line":92,"column":48},"end":{"line":92,"column":null}}],"line":92},"34":{"loc":{"start":{"line":95,"column":4},"end":{"line":97,"column":null}},"type":"if","locations":[{"start":{"line":95,"column":4},"end":{"line":97,"column":null}},{"start":{},"end":{}}],"line":95},"35":{"loc":{"start":{"line":98,"column":4},"end":{"line":100,"column":null}},"type":"if","locations":[{"start":{"line":98,"column":4},"end":{"line":100,"column":null}},{"start":{},"end":{}}],"line":98},"36":{"loc":{"start":{"line":101,"column":4},"end":{"line":103,"column":null}},"type":"if","locations":[{"start":{"line":101,"column":4},"end":{"line":103,"column":null}},{"start":{},"end":{}}],"line":101},"37":{"loc":{"start":{"line":108,"column":4},"end":{"line":110,"column":null}},"type":"cond-expr","locations":[{"start":{"line":109,"column":9},"end":{"line":109,"column":null}},{"start":{"line":110,"column":8},"end":{"line":110,"column":null}}],"line":108},"38":{"loc":{"start":{"line":108,"column":4},"end":{"line":108,"column":null}},"type":"binary-expr","locations":[{"start":{"line":108,"column":4},"end":{"line":108,"column":44}},{"start":{"line":108,"column":44},"end":{"line":108,"column":null}}],"line":108},"39":{"loc":{"start":{"line":112,"column":4},"end":{"line":114,"column":null}},"type":"cond-expr","locations":[{"start":{"line":113,"column":9},"end":{"line":113,"column":null}},{"start":{"line":114,"column":8},"end":{"line":114,"column":null}}],"line":112},"40":{"loc":{"start":{"line":112,"column":4},"end":{"line":112,"column":null}},"type":"binary-expr","locations":[{"start":{"line":112,"column":4},"end":{"line":112,"column":44}},{"start":{"line":112,"column":44},"end":{"line":112,"column":null}}],"line":112},"41":{"loc":{"start":{"line":118,"column":6},"end":{"line":120,"column":null}},"type":"cond-expr","locations":[{"start":{"line":119,"column":11},"end":{"line":119,"column":null}},{"start":{"line":120,"column":10},"end":{"line":120,"column":null}}],"line":118},"42":{"loc":{"start":{"line":118,"column":6},"end":{"line":118,"column":null}},"type":"binary-expr","locations":[{"start":{"line":118,"column":6},"end":{"line":118,"column":46}},{"start":{"line":118,"column":46},"end":{"line":118,"column":null}}],"line":118},"43":{"loc":{"start":{"line":122,"column":6},"end":{"line":124,"column":null}},"type":"cond-expr","locations":[{"start":{"line":123,"column":11},"end":{"line":123,"column":null}},{"start":{"line":124,"column":10},"end":{"line":124,"column":null}}],"line":122},"44":{"loc":{"start":{"line":122,"column":6},"end":{"line":122,"column":null}},"type":"binary-expr","locations":[{"start":{"line":122,"column":6},"end":{"line":122,"column":47}},{"start":{"line":122,"column":47},"end":{"line":122,"column":null}}],"line":122},"45":{"loc":{"start":{"line":126,"column":4},"end":{"line":126,"column":null}},"type":"if","locations":[{"start":{"line":126,"column":4},"end":{"line":126,"column":null}},{"start":{},"end":{}}],"line":126},"46":{"loc":{"start":{"line":130,"column":2},"end":{"line":130,"column":null}},"type":"if","locations":[{"start":{"line":130,"column":2},"end":{"line":130,"column":null}},{"start":{},"end":{}}],"line":130},"47":{"loc":{"start":{"line":131,"column":2},"end":{"line":135,"column":null}},"type":"if","locations":[{"start":{"line":131,"column":2},"end":{"line":135,"column":null}},{"start":{},"end":{}}],"line":131},"48":{"loc":{"start":{"line":133,"column":6},"end":{"line":133,"column":null}},"type":"if","locations":[{"start":{"line":133,"column":6},"end":{"line":133,"column":null}},{"start":{},"end":{}}],"line":133},"49":{"loc":{"start":{"line":136,"column":2},"end":{"line":139,"column":null}},"type":"if","locations":[{"start":{"line":136,"column":2},"end":{"line":139,"column":null}},{"start":{},"end":{}}],"line":136},"50":{"loc":{"start":{"line":136,"column":6},"end":{"line":136,"column":62}},"type":"binary-expr","locations":[{"start":{"line":136,"column":6},"end":{"line":136,"column":34}},{"start":{"line":136,"column":34},"end":{"line":136,"column":62}}],"line":136},"51":{"loc":{"start":{"line":141,"column":2},"end":{"line":181,"column":null}},"type":"if","locations":[{"start":{"line":141,"column":2},"end":{"line":181,"column":null}},{"start":{},"end":{}}],"line":141},"52":{"loc":{"start":{"line":144,"column":6},"end":{"line":146,"column":null}},"type":"cond-expr","locations":[{"start":{"line":145,"column":11},"end":{"line":145,"column":null}},{"start":{"line":146,"column":10},"end":{"line":146,"column":null}}],"line":144},"53":{"loc":{"start":{"line":144,"column":6},"end":{"line":144,"column":null}},"type":"binary-expr","locations":[{"start":{"line":144,"column":6},"end":{"line":144,"column":45}},{"start":{"line":144,"column":45},"end":{"line":144,"column":null}}],"line":144},"54":{"loc":{"start":{"line":148,"column":6},"end":{"line":150,"column":null}},"type":"cond-expr","locations":[{"start":{"line":149,"column":11},"end":{"line":149,"column":null}},{"start":{"line":150,"column":10},"end":{"line":150,"column":null}}],"line":148},"55":{"loc":{"start":{"line":148,"column":6},"end":{"line":148,"column":null}},"type":"binary-expr","locations":[{"start":{"line":148,"column":6},"end":{"line":148,"column":44}},{"start":{"line":148,"column":44},"end":{"line":148,"column":null}}],"line":148},"56":{"loc":{"start":{"line":152,"column":6},"end":{"line":154,"column":null}},"type":"cond-expr","locations":[{"start":{"line":153,"column":11},"end":{"line":153,"column":null}},{"start":{"line":154,"column":10},"end":{"line":154,"column":null}}],"line":152},"57":{"loc":{"start":{"line":152,"column":6},"end":{"line":152,"column":null}},"type":"binary-expr","locations":[{"start":{"line":152,"column":6},"end":{"line":152,"column":53}},{"start":{"line":152,"column":53},"end":{"line":152,"column":null}}],"line":152},"58":{"loc":{"start":{"line":155,"column":4},"end":{"line":163,"column":null}},"type":"if","locations":[{"start":{"line":155,"column":4},"end":{"line":163,"column":null}},{"start":{},"end":{}}],"line":155},"59":{"loc":{"start":{"line":155,"column":8},"end":{"line":155,"column":62}},"type":"binary-expr","locations":[{"start":{"line":155,"column":8},"end":{"line":155,"column":37}},{"start":{"line":155,"column":37},"end":{"line":155,"column":62}}],"line":155},"60":{"loc":{"start":{"line":157,"column":8},"end":{"line":159,"column":null}},"type":"cond-expr","locations":[{"start":{"line":158,"column":13},"end":{"line":158,"column":null}},{"start":{"line":159,"column":12},"end":{"line":159,"column":null}}],"line":157},"61":{"loc":{"start":{"line":157,"column":8},"end":{"line":157,"column":null}},"type":"binary-expr","locations":[{"start":{"line":157,"column":8},"end":{"line":157,"column":46}},{"start":{"line":157,"column":46},"end":{"line":157,"column":null}}],"line":157},"62":{"loc":{"start":{"line":160,"column":6},"end":{"line":160,"column":null}},"type":"if","locations":[{"start":{"line":160,"column":6},"end":{"line":160,"column":null}},{"start":{},"end":{}}],"line":160},"63":{"loc":{"start":{"line":161,"column":6},"end":{"line":161,"column":null}},"type":"if","locations":[{"start":{"line":161,"column":6},"end":{"line":161,"column":null}},{"start":{},"end":{}}],"line":161},"64":{"loc":{"start":{"line":166,"column":6},"end":{"line":168,"column":null}},"type":"cond-expr","locations":[{"start":{"line":167,"column":11},"end":{"line":167,"column":null}},{"start":{"line":168,"column":10},"end":{"line":168,"column":null}}],"line":166},"65":{"loc":{"start":{"line":166,"column":6},"end":{"line":166,"column":null}},"type":"binary-expr","locations":[{"start":{"line":166,"column":6},"end":{"line":166,"column":49}},{"start":{"line":166,"column":49},"end":{"line":166,"column":null}}],"line":166},"66":{"loc":{"start":{"line":169,"column":4},"end":{"line":169,"column":null}},"type":"if","locations":[{"start":{"line":169,"column":4},"end":{"line":169,"column":null}},{"start":{},"end":{}}],"line":169},"67":{"loc":{"start":{"line":171,"column":6},"end":{"line":173,"column":null}},"type":"cond-expr","locations":[{"start":{"line":172,"column":11},"end":{"line":172,"column":null}},{"start":{"line":173,"column":10},"end":{"line":173,"column":null}}],"line":171},"68":{"loc":{"start":{"line":171,"column":6},"end":{"line":171,"column":null}},"type":"binary-expr","locations":[{"start":{"line":171,"column":6},"end":{"line":171,"column":44}},{"start":{"line":171,"column":44},"end":{"line":171,"column":null}}],"line":171},"69":{"loc":{"start":{"line":174,"column":4},"end":{"line":174,"column":null}},"type":"if","locations":[{"start":{"line":174,"column":4},"end":{"line":174,"column":null}},{"start":{},"end":{}}],"line":174},"70":{"loc":{"start":{"line":175,"column":4},"end":{"line":175,"column":null}},"type":"if","locations":[{"start":{"line":175,"column":4},"end":{"line":175,"column":null}},{"start":{},"end":{}}],"line":175},"71":{"loc":{"start":{"line":176,"column":4},"end":{"line":176,"column":null}},"type":"if","locations":[{"start":{"line":176,"column":4},"end":{"line":176,"column":null}},{"start":{},"end":{}}],"line":176},"72":{"loc":{"start":{"line":177,"column":4},"end":{"line":177,"column":null}},"type":"if","locations":[{"start":{"line":177,"column":4},"end":{"line":177,"column":null}},{"start":{},"end":{}}],"line":177},"73":{"loc":{"start":{"line":189,"column":40},"end":{"line":189,"column":88}},"type":"cond-expr","locations":[{"start":{"line":189,"column":63},"end":{"line":189,"column":77}},{"start":{"line":189,"column":77},"end":{"line":189,"column":88}}],"line":189}},"s":{"0":24,"1":3,"2":21,"3":6,"4":6,"5":6,"6":5,"7":6,"8":2,"9":6,"10":3,"11":6,"12":1,"13":6,"14":5,"15":6,"16":4,"17":6,"18":5,"19":0,"20":5,"21":5,"22":17,"23":1,"24":16,"25":16,"26":1,"27":15,"28":0,"29":15,"30":2,"31":1,"32":1,"33":14,"34":2,"35":1,"36":1,"37":13,"38":1,"39":13,"40":0,"41":13,"42":3,"43":3,"44":3,"45":3,"46":1,"47":3,"48":1,"49":3,"50":13,"51":17,"52":17,"53":6,"54":6,"55":6,"56":6,"57":4,"58":6,"59":17,"60":3,"61":13,"62":2,"63":3,"64":3,"65":13,"66":5,"67":5,"68":13,"69":3,"70":3,"71":3,"72":3,"73":3,"74":3,"75":3,"76":3,"77":3,"78":2,"79":3,"80":3,"81":3,"82":3,"83":2,"84":3,"85":3,"86":1,"87":3,"88":1,"89":3,"90":2,"91":3,"92":2,"93":3,"94":3,"95":3,"96":13,"97":13,"98":13,"99":13,"100":0,"101":13},"f":{"0":24,"1":6,"2":5,"3":5,"4":17,"5":6},"b":{"0":[3,21],"1":[24,22],"2":[2,4],"3":[6,2],"4":[2,4],"5":[6,2],"6":[5,1],"7":[2,4],"8":[3,3],"9":[1,5],"10":[5,1],"11":[4,2],"12":[0,5],"13":[5,5],"14":[3,2],"15":[5,5],"16":[1,16],"17":[0,15],"18":[15,15,15],"19":[2,13],"20":[1,1],"21":[2,2],"22":[2,12],"23":[1,1],"24":[2,2],"25":[1,12],"26":[1,0],"27":[1,1],"28":[0,13],"29":[0,0],"30":[0,0],"31":[3,10],"32":[2,1],"33":[3,2],"34":[3,0],"35":[1,2],"36":[1,2],"37":[13,0],"38":[13,13],"39":[13,0],"40":[17,13],"41":[2,4],"42":[6,2],"43":[2,4],"44":[6,2],"45":[4,2],"46":[3,14],"47":[2,11],"48":[3,0],"49":[5,8],"50":[13,10],"51":[3,10],"52":[0,3],"53":[3,0],"54":[0,3],"55":[3,0],"56":[0,3],"57":[3,0],"58":[3,0],"59":[3,0],"60":[0,3],"61":[3,0],"62":[3,0],"63":[2,1],"64":[0,3],"65":[3,0],"66":[2,1],"67":[0,3],"68":[3,0],"69":[1,2],"70":[1,2],"71":[2,1],"72":[2,1],"73":[0,0]},"meta":{"lastBranch":74,"lastFunction":6,"lastStatement":102,"seen":{"f:6:16:6:28":0,"b:7:2:7:Infinity:undefined:undefined:undefined:undefined":0,"s:7:2:7:Infinity":0,"b:7:6:7:35:7:35:7:60":1,"s:7:60:7:Infinity":1,"s:8:2:8:Infinity":2,"f:12:9:12:Infinity":1,"s:17:4:19:Infinity":3,"b:18:9:18:Infinity:19:8:19:Infinity":2,"b:17:4:17:44:17:44:17:Infinity":3,"s:21:4:23:Infinity":4,"b:22:9:22:Infinity:23:8:23:Infinity":4,"b:21:4:21:42:21:42:21:Infinity":5,"b:25:2:25:Infinity:undefined:undefined:undefined:undefined":6,"s:25:2:25:Infinity":5,"s:25:40:25:Infinity":6,"b:26:2:26:Infinity:undefined:undefined:undefined:undefined":7,"s:26:2:26:Infinity":7,"s:26:43:26:Infinity":8,"b:27:2:27:Infinity:undefined:undefined:undefined:undefined":8,"s:27:2:27:Infinity":9,"s:27:34:27:Infinity":10,"b:28:2:28:Infinity:undefined:undefined:undefined:undefined":9,"s:28:2:28:Infinity":11,"s:28:41:28:Infinity":12,"b:30:2:30:Infinity:undefined:undefined:undefined:undefined":10,"s:30:2:30:Infinity":13,"s:30:39:30:Infinity":14,"b:31:2:31:Infinity:undefined:undefined:undefined:undefined":11,"s:31:2:31:Infinity":15,"s:31:37:31:Infinity":16,"s:32:2:32:Infinity":17,"f:36:9:36:19":2,"b:37:2:37:Infinity:undefined:undefined:undefined:undefined":12,"s:37:2:37:Infinity":18,"b:37:6:37:35:37:35:37:60":13,"s:37:60:37:Infinity":19,"s:38:2:38:Infinity":20,"f:42:9:42:30":3,"s:43:2:45:Infinity":21,"b:44:7:44:Infinity:45:6:45:Infinity":14,"b:43:9:43:39:43:39:43:Infinity":15,"f:57:16:57:38":4,"b:58:2:58:Infinity:undefined:undefined:undefined:undefined":16,"s:58:2:58:Infinity":22,"s:58:31:58:Infinity":23,"s:60:2:64:Infinity":24,"s:61:4:61:Infinity":25,"s:63:4:63:Infinity":26,"b:65:2:67:Infinity:undefined:undefined:undefined:undefined":17,"s:65:2:67:Infinity":27,"b:65:6:65:36:65:36:65:55:65:55:65:78":18,"s:66:4:66:Infinity":28,"b:69:2:72:Infinity:undefined:undefined:undefined:undefined":19,"s:69:2:72:Infinity":29,"b:70:4:70:Infinity:undefined:undefined:undefined:undefined":20,"s:70:4:70:Infinity":30,"b:70:8:70:42:70:42:70:68":21,"s:70:68:70:Infinity":31,"s:71:4:71:Infinity":32,"b:73:2:76:Infinity:undefined:undefined:undefined:undefined":22,"s:73:2:76:Infinity":33,"b:74:4:74:Infinity:undefined:undefined:undefined:undefined":23,"s:74:4:74:Infinity":34,"b:74:8:74:45:74:45:74:74":24,"s:74:74:74:Infinity":35,"s:75:4:75:Infinity":36,"b:77:2:82:Infinity:undefined:undefined:undefined:undefined":25,"s:77:2:82:Infinity":37,"s:78:4:81:Infinity":38,"b:79:76:79:94:79:94:79:Infinity":26,"b:79:10:79:49:79:49:79:76":27,"b:83:2:88:Infinity:undefined:undefined:undefined:undefined":28,"s:83:2:88:Infinity":39,"s:84:4:87:Infinity":40,"b:85:76:85:94:85:94:85:Infinity":29,"b:85:10:85:49:85:49:85:76":30,"b:90:2:105:Infinity:undefined:undefined:undefined:undefined":31,"s:90:2:105:Infinity":41,"s:92:6:94:Infinity":42,"b:93:11:93:Infinity:94:10:94:Infinity":32,"b:92:6:92:48:92:48:92:Infinity":33,"b:95:4:97:Infinity:undefined:undefined:undefined:undefined":34,"s:95:4:97:Infinity":43,"s:96:6:96:Infinity":44,"b:98:4:100:Infinity:undefined:undefined:undefined:undefined":35,"s:98:4:100:Infinity":45,"s:99:6:99:Infinity":46,"b:101:4:103:Infinity:undefined:undefined:undefined:undefined":36,"s:101:4:103:Infinity":47,"s:102:6:102:Infinity":48,"s:104:4:104:Infinity":49,"s:108:4:110:Infinity":50,"b:109:9:109:Infinity:110:8:110:Infinity":37,"b:108:4:108:44:108:44:108:Infinity":38,"s:112:4:114:Infinity":51,"b:113:9:113:Infinity:114:8:114:Infinity":39,"b:112:4:112:44:112:44:112:Infinity":40,"s:116:21:128:Infinity":52,"f:116:21:116:22":5,"s:118:6:120:Infinity":53,"b:119:11:119:Infinity:120:10:120:Infinity":41,"b:118:6:118:46:118:46:118:Infinity":42,"s:122:6:124:Infinity":54,"b:123:11:123:Infinity:124:10:124:Infinity":43,"b:122:6:122:47:122:47:122:Infinity":44,"s:125:4:125:Infinity":55,"b:126:4:126:Infinity:undefined:undefined:undefined:undefined":45,"s:126:4:126:Infinity":56,"s:126:43:126:Infinity":57,"s:127:4:127:Infinity":58,"b:130:2:130:Infinity:undefined:undefined:undefined:undefined":46,"s:130:2:130:Infinity":59,"s:130:32:130:Infinity":60,"b:131:2:135:Infinity:undefined:undefined:undefined:undefined":47,"s:131:2:135:Infinity":61,"s:132:4:134:Infinity":62,"b:133:6:133:Infinity:undefined:undefined:undefined:undefined":48,"s:133:6:133:Infinity":63,"s:133:22:133:Infinity":64,"b:136:2:139:Infinity:undefined:undefined:undefined:undefined":49,"s:136:2:139:Infinity":65,"b:136:6:136:34:136:34:136:62":50,"s:137:4:137:Infinity":66,"s:138:4:138:Infinity":67,"b:141:2:181:Infinity:undefined:undefined:undefined:undefined":51,"s:141:2:181:Infinity":68,"s:142:18:142:Infinity":69,"s:144:6:146:Infinity":70,"b:145:11:145:Infinity:146:10:146:Infinity":52,"b:144:6:144:45:144:45:144:Infinity":53,"s:148:6:150:Infinity":71,"b:149:11:149:Infinity:150:10:150:Infinity":54,"b:148:6:148:44:148:44:148:Infinity":55,"s:152:6:154:Infinity":72,"b:153:11:153:Infinity:154:10:154:Infinity":56,"b:152:6:152:53:152:53:152:Infinity":57,"b:155:4:163:Infinity:undefined:undefined:undefined:undefined":58,"s:155:4:163:Infinity":73,"b:155:8:155:37:155:37:155:62":59,"s:157:8:159:Infinity":74,"b:158:13:158:Infinity:159:12:159:Infinity":60,"b:157:8:157:46:157:46:157:Infinity":61,"b:160:6:160:Infinity:undefined:undefined:undefined:undefined":62,"s:160:6:160:Infinity":75,"s:160:37:160:Infinity":76,"b:161:6:161:Infinity:undefined:undefined:undefined:undefined":63,"s:161:6:161:Infinity":77,"s:161:35:161:Infinity":78,"s:162:6:162:Infinity":79,"s:164:4:164:Infinity":80,"s:166:6:168:Infinity":81,"b:167:11:167:Infinity:168:10:168:Infinity":64,"b:166:6:166:49:166:49:166:Infinity":65,"b:169:4:169:Infinity:undefined:undefined:undefined:undefined":66,"s:169:4:169:Infinity":82,"s:169:37:169:Infinity":83,"s:171:6:173:Infinity":84,"b:172:11:172:Infinity:173:10:173:Infinity":67,"b:171:6:171:44:171:44:171:Infinity":68,"b:174:4:174:Infinity:undefined:undefined:undefined:undefined":69,"s:174:4:174:Infinity":85,"s:174:42:174:Infinity":86,"b:175:4:175:Infinity:undefined:undefined:undefined:undefined":70,"s:175:4:175:Infinity":87,"s:175:36:175:Infinity":88,"b:176:4:176:Infinity:undefined:undefined:undefined:undefined":71,"s:176:4:176:Infinity":89,"s:176:35:176:Infinity":90,"b:177:4:177:Infinity:undefined:undefined:undefined:undefined":72,"s:177:4:177:Infinity":91,"s:177:42:177:Infinity":92,"s:178:4:178:Infinity":93,"s:179:4:179:Infinity":94,"s:180:4:180:Infinity":95,"s:183:2:190:Infinity":96,"s:185:21:185:Infinity":97,"s:186:4:186:Infinity":98,"s:187:4:187:Infinity":99,"s:189:4:189:Infinity":100,"b:189:63:189:77:189:77:189:88":73,"s:191:2:191:Infinity":101},"fnNames":{}}}
,"C:\\Users\\30816\\Desktop\\anyuer678-improve\\04-patches\\repos\\desktoppet\\src\\main\\character\\configReader.ts": {"path":"C:\\Users\\30816\\Desktop\\anyuer678-improve\\04-patches\\repos\\desktoppet\\src\\main\\character\\configReader.ts","statementMap":{"0":{"start":{"line":24,"column":8},"end":{"line":24,"column":null}},"1":{"start":{"line":25,"column":8},"end":{"line":25,"column":null}},"2":{"start":{"line":26,"column":2},"end":{"line":26,"column":null}},"3":{"start":{"line":30,"column":8},"end":{"line":30,"column":null}},"4":{"start":{"line":31,"column":2},"end":{"line":31,"column":null}},"5":{"start":{"line":35,"column":20},"end":{"line":35,"column":null}},"6":{"start":{"line":39,"column":2},"end":{"line":39,"column":null}},"7":{"start":{"line":39,"column":66},"end":{"line":39,"column":null}},"8":{"start":{"line":40,"column":8},"end":{"line":40,"column":null}},"9":{"start":{"line":41,"column":2},"end":{"line":41,"column":null}},"10":{"start":{"line":41,"column":36},"end":{"line":41,"column":null}},"11":{"start":{"line":42,"column":8},"end":{"line":42,"column":null}},"12":{"start":{"line":43,"column":2},"end":{"line":43,"column":null}},"13":{"start":{"line":48,"column":2},"end":{"line":50,"column":null}},"14":{"start":{"line":54,"column":2},"end":{"line":54,"column":null}},"15":{"start":{"line":54,"column":31},"end":{"line":54,"column":null}},"16":{"start":{"line":55,"column":2},"end":{"line":85,"column":null}},"17":{"start":{"line":56,"column":16},"end":{"line":56,"column":null}},"18":{"start":{"line":63,"column":4},"end":{"line":63,"column":null}},"19":{"start":{"line":63,"column":68},"end":{"line":63,"column":null}},"20":{"start":{"line":66,"column":6},"end":{"line":68,"column":null}},"21":{"start":{"line":70,"column":6},"end":{"line":72,"column":null}},"22":{"start":{"line":74,"column":4},"end":{"line":82,"column":null}},"23":{"start":{"line":84,"column":4},"end":{"line":84,"column":null}},"24":{"start":{"line":89,"column":2},"end":{"line":89,"column":null}},"25":{"start":{"line":89,"column":25},"end":{"line":89,"column":null}},"26":{"start":{"line":90,"column":33},"end":{"line":90,"column":null}},"27":{"start":{"line":91,"column":2},"end":{"line":95,"column":null}},"28":{"start":{"line":92,"column":19},"end":{"line":92,"column":null}},"29":{"start":{"line":94,"column":4},"end":{"line":94,"column":null}},"30":{"start":{"line":94,"column":36},"end":{"line":94,"column":null}},"31":{"start":{"line":96,"column":2},"end":{"line":96,"column":null}},"32":{"start":{"line":100,"column":8},"end":{"line":100,"column":null}},"33":{"start":{"line":101,"column":2},"end":{"line":101,"column":null}},"34":{"start":{"line":101,"column":31},"end":{"line":101,"column":null}},"35":{"start":{"line":102,"column":2},"end":{"line":160,"column":null}},"36":{"start":{"line":103,"column":16},"end":{"line":103,"column":null}},"37":{"start":{"line":113,"column":4},"end":{"line":113,"column":null}},"38":{"start":{"line":113,"column":85},"end":{"line":113,"column":null}},"39":{"start":{"line":115,"column":60},"end":{"line":115,"column":null}},"40":{"start":{"line":116,"column":4},"end":{"line":127,"column":null}},"41":{"start":{"line":117,"column":6},"end":{"line":126,"column":null}},"42":{"start":{"line":118,"column":20},"end":{"line":118,"column":null}},"43":{"start":{"line":119,"column":8},"end":{"line":125,"column":null}},"44":{"start":{"line":129,"column":22},"end":{"line":129,"column":null}},"45":{"start":{"line":131,"column":6},"end":{"line":133,"column":null}},"46":{"start":{"line":135,"column":21},"end":{"line":135,"column":null}},"47":{"start":{"line":137,"column":4},"end":{"line":157,"column":null}},"48":{"start":{"line":159,"column":4},"end":{"line":159,"column":null}},"49":{"start":{"line":164,"column":2},"end":{"line":164,"column":null}},"50":{"start":{"line":164,"column":43},"end":{"line":164,"column":null}},"51":{"start":{"line":165,"column":12},"end":{"line":165,"column":null}},"52":{"start":{"line":166,"column":2},"end":{"line":166,"column":null}},"53":{"start":{"line":166,"column":64},"end":{"line":166,"column":null}},"54":{"start":{"line":167,"column":2},"end":{"line":167,"column":null}},"55":{"start":{"line":167,"column":60},"end":{"line":167,"column":null}},"56":{"start":{"line":168,"column":2},"end":{"line":168,"column":null}},"57":{"start":{"line":172,"column":2},"end":{"line":172,"column":null}},"58":{"start":{"line":172,"column":43},"end":{"line":172,"column":null}},"59":{"start":{"line":173,"column":12},"end":{"line":173,"column":null}},"60":{"start":{"line":176,"column":2},"end":{"line":181,"column":null}},"61":{"start":{"line":177,"column":4},"end":{"line":177,"column":null}},"62":{"start":{"line":177,"column":41},"end":{"line":177,"column":null}},"63":{"start":{"line":178,"column":17},"end":{"line":178,"column":null}},"64":{"start":{"line":179,"column":4},"end":{"line":179,"column":null}},"65":{"start":{"line":179,"column":15},"end":{"line":179,"column":null}},"66":{"start":{"line":180,"column":4},"end":{"line":180,"column":null}},"67":{"start":{"line":183,"column":16},"end":{"line":183,"column":null}},"68":{"start":{"line":184,"column":2},"end":{"line":184,"column":null}},"69":{"start":{"line":184,"column":14},"end":{"line":184,"column":null}},"70":{"start":{"line":186,"column":2},"end":{"line":186,"column":null}},"71":{"start":{"line":190,"column":2},"end":{"line":190,"column":null}},"72":{"start":{"line":190,"column":39},"end":{"line":190,"column":null}},"73":{"start":{"line":191,"column":45},"end":{"line":191,"column":null}},"74":{"start":{"line":192,"column":2},"end":{"line":195,"column":null}},"75":{"start":{"line":193,"column":19},"end":{"line":193,"column":null}},"76":{"start":{"line":194,"column":4},"end":{"line":194,"column":null}},"77":{"start":{"line":194,"column":16},"end":{"line":194,"column":null}},"78":{"start":{"line":196,"column":2},"end":{"line":196,"column":null}},"79":{"start":{"line":200,"column":12},"end":{"line":200,"column":null}},"80":{"start":{"line":201,"column":36},"end":{"line":201,"column":null}},"81":{"start":{"line":202,"column":2},"end":{"line":204,"column":null}},"82":{"start":{"line":203,"column":4},"end":{"line":203,"column":null}},"83":{"start":{"line":205,"column":2},"end":{"line":218,"column":null}},"84":{"start":{"line":206,"column":14},"end":{"line":206,"column":null}},"85":{"start":{"line":207,"column":66},"end":{"line":207,"column":null}},"86":{"start":{"line":208,"column":4},"end":{"line":210,"column":null}},"87":{"start":{"line":209,"column":6},"end":{"line":209,"column":null}},"88":{"start":{"line":211,"column":4},"end":{"line":213,"column":null}},"89":{"start":{"line":212,"column":6},"end":{"line":212,"column":null}},"90":{"start":{"line":214,"column":4},"end":{"line":216,"column":null}},"91":{"start":{"line":215,"column":6},"end":{"line":215,"column":null}},"92":{"start":{"line":217,"column":4},"end":{"line":217,"column":null}},"93":{"start":{"line":217,"column":42},"end":{"line":217,"column":null}},"94":{"start":{"line":219,"column":2},"end":{"line":219,"column":null}}},"fnMap":{"0":{"name":"isWithinRoot","decl":{"start":{"line":23,"column":16},"end":{"line":23,"column":29}},"loc":{"start":{"line":23,"column":75},"end":{"line":27,"column":null}},"line":23},"1":{"name":"safeResolve","decl":{"start":{"line":29,"column":16},"end":{"line":29,"column":28}},"loc":{"start":{"line":29,"column":88},"end":{"line":32,"column":null}},"line":29},"2":{"name":"resolvePetPath","decl":{"start":{"line":38,"column":16},"end":{"line":38,"column":31}},"loc":{"start":{"line":38,"column":95},"end":{"line":44,"column":null}},"line":38},"3":{"name":"normalizeInteraction","decl":{"start":{"line":47,"column":9},"end":{"line":47,"column":30}},"loc":{"start":{"line":47,"column":94},"end":{"line":51,"column":null}},"line":47},"4":{"name":"parseCharacterConfig","decl":{"start":{"line":53,"column":16},"end":{"line":53,"column":37}},"loc":{"start":{"line":53,"column":81},"end":{"line":86,"column":null}},"line":53},"5":{"name":"listCharacters","decl":{"start":{"line":88,"column":16},"end":{"line":88,"column":31}},"loc":{"start":{"line":88,"column":64},"end":{"line":97,"column":null}},"line":88},"6":{"name":"readCharacterDetail","decl":{"start":{"line":99,"column":16},"end":{"line":99,"column":36}},"loc":{"start":{"line":99,"column":86},"end":{"line":161,"column":null}},"line":99},"7":{"name":"parseTimeCondition","decl":{"start":{"line":163,"column":9},"end":{"line":163,"column":28}},"loc":{"start":{"line":163,"column":73},"end":{"line":169,"column":null}},"line":163},"8":{"name":"parseOverlayConfig","decl":{"start":{"line":171,"column":9},"end":{"line":171,"column":28}},"loc":{"start":{"line":171,"column":66},"end":{"line":187,"column":null}},"line":171},"9":{"name":"parseOverlays","decl":{"start":{"line":189,"column":9},"end":{"line":189,"column":23}},"loc":{"start":{"line":189,"column":75},"end":{"line":197,"column":null}},"line":189},"10":{"name":"parseOverlayApply","decl":{"start":{"line":199,"column":9},"end":{"line":199,"column":27}},"loc":{"start":{"line":199,"column":68},"end":{"line":220,"column":null}},"line":199}},"branchMap":{"0":{"loc":{"start":{"line":26,"column":9},"end":{"line":26,"column":null}},"type":"binary-expr","locations":[{"start":{"line":26,"column":9},"end":{"line":26,"column":39}},{"start":{"line":26,"column":39},"end":{"line":26,"column":null}}],"line":26},"1":{"loc":{"start":{"line":31,"column":9},"end":{"line":31,"column":null}},"type":"cond-expr","locations":[{"start":{"line":31,"column":40},"end":{"line":31,"column":51}},{"start":{"line":31,"column":51},"end":{"line":31,"column":null}}],"line":31},"2":{"loc":{"start":{"line":39,"column":2},"end":{"line":39,"column":null}},"type":"if","locations":[{"start":{"line":39,"column":2},"end":{"line":39,
[...]
n":56},"end":{"line":51,"column":null}},"19":{"start":{"line":52,"column":4},"end":{"line":52,"column":null}}},"fnMap":{"0":{"name":"stateOf","decl":{"start":{"line":13,"column":16},"end":{"line":13,"column":24}},"loc":{"start":{"line":13,"column":48},"end":{"line":19,"column":null}},"line":13},"1":{"name":"groupLabel","decl":{"start":{"line":32,"column":16},"end":{"line":32,"column":27}},"loc":{"start":{"line":32,"column":51},"end":{"line":35,"column":null}},"line":32},"2":{"name":"isHighPriority","decl":{"start":{"line":37,"column":16},"end":{"line":37,"column":31}},"loc":{"start":{"line":37,"column":58},"end":{"line":39,"column":null}},"line":37},"3":{"name":"filterHistory","decl":{"start":{"line":47,"column":16},"end":{"line":47,"column":30}},"loc":{"start":{"line":47,"column":93},"end":{"line":54,"column":null}},"line":47},"4":{"name":"(anonymous_4)","decl":{"start":{"line":48,"column":23},"end":{"line":48,"column":24}},"loc":{"start":{"line":48,"column":30},"end":{"line":53,"column":3}},"line":48}},"branchMap":{"0":{"loc":{"start":{"line":15,"column":4},"end":{"line":15,"column":null}},"type":"if","locations":[{"start":{"line":15,"column":4},"end":{"line":15,"column":null}},{"start":{},"end":{}}],"line":15},"1":{"loc":{"start":{"line":16,"column":4},"end":{"line":16,"column":null}},"type":"if","locations":[{"start":{"line":16,"column":4},"end":{"line":16,"column":null}},{"start":{},"end":{}}],"line":16},"2":{"loc":{"start":{"line":34,"column":9},"end":{"line":34,"column":null}},"type":"binary-expr","locations":[{"start":{"line":34,"column":9},"end":{"line":34,"column":30}},{"start":{"line":34,"column":30},"end":{"line":34,"column":null}}],"line":34},"3":{"loc":{"start":{"line":49,"column":4},"end":{"line":49,"column":null}},"type":"if","locations":[{"start":{"line":49,"column":4},"end":{"line":49,"column":null}},{"start":{},"end":{}}],"line":49},"4":{"loc":{"start":{"line":49,"column":8},"end":{"line":49,"column":72}},"type":"binary-expr","locations":[{"start":{"line":49,"column":8},"end":{"line":49,"column":32}},{"start":{"line":49,"column":32},"end":{"line":49,"column":72}}],"line":49},"5":{"loc":{"start":{"line":50,"column":4},"end":{"line":50,"column":null}},"type":"if","locations":[{"start":{"line":50,"column":4},"end":{"line":50,"column":null}},{"start":{},"end":{}}],"line":50},"6":{"loc":{"start":{"line":50,"column":8},"end":{"line":50,"column":65}},"type":"binary-expr","locations":[{"start":{"line":50,"column":8},"end":{"line":50,"column":31}},{"start":{"line":50,"column":31},"end":{"line":50,"column":65}}],"line":50},"7":{"loc":{"start":{"line":51,"column":4},"end":{"line":51,"column":null}},"type":"if","locations":[{"start":{"line":51,"column":4},"end":{"line":51,"column":null}},{"start":{},"end":{}}],"line":51},"8":{"loc":{"start":{"line":51,"column":8},"end":{"line":51,"column":56}},"type":"binary-expr","locations":[{"start":{"line":51,"column":8},"end":{"line":51,"column":27}},{"start":{"line":51,"column":27},"end":{"line":51,"column":56}}],"line":51}},"s":{"0":4,"1":4,"2":7,"3":29,"4":7,"5":22,"6":5,"7":2,"8":4,"9":11,"10":11,"11":6,"12":4,"13":8,"14":1,"15":7,"16":1,"17":6,"18":1,"19":5},"f":{"0":7,"1":11,"2":6,"3":4,"4":8},"b":{"0":[7,22],"1":[5,17],"2":[11,1],"3":[1,7],"4":[8,2],"5":[1,6],"6":[7,2],"7":[1,5],"8":[6,2]},"meta":{"lastBranch":9,"lastFunction":5,"lastStatement":20,"seen":{"s:3:26:3:Infinity":0,"s:6:86:11:Infinity":1,"f:13:16:13:24":0,"s:14:2:17:Infinity":2,"b:15:4:15:Infinity:undefined:undefined:undefined:undefined":0,"s:15:4:15:Infinity":3,"s:15:26:15:Infinity":4,"b:16:4:16:Infinity:undefined:undefined:undefined:undefined":1,"s:16:4:16:Infinity":5,"s:16:48:16:Infinity":6,"s:18:2:18:Infinity":7,"s:21:45:30:Infinity":8,"f:32:16:32:27":1,"s:33:14:33:Infinity":9,"s:34:2:34:Infinity":10,"b:34:9:34:30:34:30:34:Infinity":2,"f:37:16:37:31":2,"s:38:2:38:Infinity":11,"f:47:16:47:30":3,"s:48:2:53:Infinity":12,"f:48:23:48:24":4,"b:49:4:49:Infinity:undefined:undefined:undefined:undefined":3,"s:49:4:49:Infinity":13,"b:49:8:49:32:49:32:49:72":4,"s:49:72:49:Infinity":14,"b:50:4:50:Infinity:undefined:undefined:undefined:undefined":5,"s:50:4:50:Infinity":15,"b:50:8:50:31:50:31:50:65":6,"s:50:65:50:Infinity":16,"b:51:4:51:Infinity:undefined:undefined:undefined:undefined":7,"s:51:4:51:Infinity":17,"b:51:8:51:27:51:27:51:56":8,"s:51:56:51:Infinity":18,"s:52:4:52:Infinity":19},"fnNames":{}}}
,"C:\\Users\\30816\\Desktop\\anyuer678-improve\\04-patches\\repos\\desktoppet\\src\\shared\\ipc.ts": {"path":"C:\\Users\\30816\\Desktop\\anyuer678-improve\\04-patches\\repos\\desktoppet\\src\\shared\\ipc.ts","statementMap":{"0":{"start":{"line":58,"column":35},"end":{"line":58,"column":null}}},"fnMap":{},"branchMap":{},"s":{"0":7},"f":{},"b":{},"meta":{"lastBranch":0,"lastFunction":0,"lastStatement":1,"seen":{"s:58:35:58:Infinity":0},"fnNames":{}}}
,"C:\\Users\\30816\\Desktop\\anyuer678-improve\\04-patches\\repos\\desktoppet\\src\\shared\\speech.ts": {"path":"C:\\Users\\30816\\Desktop\\anyuer678-improve\\04-patches\\repos\\desktoppet\\src\\shared\\speech.ts","statementMap":{"0":{"start":{"line":31,"column":43},"end":{"line":51,"column":null}},"1":{"start":{"line":57,"column":2},"end":{"line":57,"column":null}},"2":{"start":{"line":57,"column":30},"end":{"line":57,"column":null}},"3":{"start":{"line":58,"column":2},"end":{"line":58,"column":null}},"4":{"start":{"line":58,"column":31},"end":{"line":58,"column":null}},"5":{"start":{"line":59,"column":2},"end":{"line":59,"column":null}},"6":{"start":{"line":59,"column":31},"end":{"line":59,"column":null}},"7":{"start":{"line":60,"column":2},"end":{"line":60,"column":null}},"8":{"start":{"line":60,"column":31},"end":{"line":60,"column":null}},"9":{"start":{"line":61,"column":2},"end":{"line":61,"column":null}},"10":{"start":{"line":65,"column":62},"end":{"line":80,"column":null}},"11":{"start":{"line":84,"column":2},"end":{"line":84,"column":null}},"12":{"start":{"line":84,"column":25},"end":{"line":84,"column":null}},"13":{"start":{"line":85,"column":21},"end":{"line":85,"column":null}},"14":{"start":{"line":85,"column":40},"end":{"line":85,"column":51}},"15":{"start":{"line":86,"column":15},"end":{"line":86,"column":null}},"16":{"start":{"line":87,"column":15},"end":{"line":87,"column":null}},"17":{"start":{"line":88,"column":2},"end":{"line":88,"column":null}},"18":{"start":{"line":93,"column":18},"end":{"line":93,"column":null}},"19":{"start":{"line":94,"column":2},"end":{"line":94,"column":null}},"20":{"start":{"line":99,"column":2},"end":{"line":99,"column":null}},"21":{"start":{"line":104,"column":18},"end":{"line":104,"column":null}},"22":{"start":{"line":105,"column":2},"end":{"line":105,"column":null}},"23":{"start":{"line":105,"column":16},"end":{"line":105,"column":null}},"24":{"start":{"line":106,"column":2},"end":{"line":106,"column":null}},"25":{"start":{"line":111,"column":15},"end":{"line":111,"column":null}},"26":{"start":{"line":112,"column":2},"end":{"line":112,"column":null}},"27":{"start":{"line":112,"column":13},"end":{"line":112,"column":null}},"28":{"start":{"line":113,"column":2},"end":{"line":113,"column":null}},"29":{"start":{"line":116,"column":17},"end":{"line":116,"column":null}},"30":{"start":{"line":120,"column":12},"end":{"line":125,"column":null}},"31":{"start":{"line":121,"column":18},"end":{"line":121,"column":null}},"32":{"start":{"line":122,"column":4},"end":{"line":122,"column":null}},"33":{"start":{"line":122,"column":22},"end":{"line":122,"column":null}},"34":{"start":{"line":123,"column":20},"end":{"line":123,"column":null}},"35":{"start":{"line":124,"column":4},"end":{"line":124,"column":null}},"36":{"start":{"line":126,"column":2},"end":{"line":126,"column":null}},"37":{"start":{"line":127,"column":2},"end":{"line":127,"column":null}},"38":{"start":{"line":136,"column":19},"end":{"line":136,"column":null}},"39":{"start":{"line":137,"column":15},"end":{"line":137,"column":null}},"40":{"start":{"line":138,"column":2},"end":{"line":138,"column":null}},"41":{"start":{"line":138,"column":34},"end":{"line":138,"column":null}},"42":{"start":{"line":139,"column":15},"end":{"line":139,"column":null}},"43":{"start":{"line":140,"column":2},"end":{"line":140,"column":null}},"44":{"start":{"line":140,"column":13},"end":{"line":140,"column":null}},"45":{"start":{"line":141,"column":39},"end":{"line":144,"column":null}},"46":{"start":{"line":145,"column":13},"end":{"line":145,"column":null}},"47":{"start":{"line":146,"column":2},"end":{"line":146,"column":null}},"48":{"start":{"line":146,"column":43},"end":{"line":146,"column":null}},"49":{"start":{"line":147,"column":2},"end":{"line":147,"column":null}}},"fnMap":{"0":{"name":"greetingKey","decl":{"start":{"line":56,"column":16},"end":{"line":56,"column":28}},"loc":{"start":{"line":56,"column":55},"end":{"line":62,"column":null}},"line":56},"1":{"name":"pickText","decl":{"start":{"line":83,"column":16},"end":{"line":83,"column":25}},"loc":{"start":{"line":83,"column":92},"end":{"line":89,"column":null}},"line":83},"2":{"name":"(anonymous_2)","decl":{"start":{"line":85,"column":33},"end":{"line":85,"column":34}},"loc":{"start":{"line":85,"column":40},"end":{"line":85,"column":51}},"line":85},"3":{"name":"greetingSpeech","decl":{"start":{"line":92,"column":16},"end":{"line":92,"column":31}},"loc":{"start":{"line":92,"column":102},"end":{"line":95,"column":null}},"line":92},"4":{"name":"welcomeSpeech","decl":{"start":{"line":98,"column":16},"end":{"line":98,"column":30}},"loc":{"start":{"line":98,"column":87},"end":{"line":100,"column":null}},"line":98},"5":{"name":"eventSpeech","decl":{"start":{"line":103,"column":16},"end":{"line":103,"column":28}},"loc":{"start":{"line":103,"column":104},"end":{"line":107,"column":null}},"line":103},"6":{"name":"stateSpeech","decl":{"start":{"line":110,"column":16},"end":{"line":110,"column":28}},"loc":{"start":{"line":110,"column":100},"end":{"line":114,"column":null}},"line":110},"7":{"name":"interpolateSpeech","decl":{"start":{"line":119,"column":16},"end":{"line":119,"column":34}},"loc":{"start":{"line":119,"column":86},"end":{"line":128,"column":null}},"line":119},"8":{"name":"(anonymous_8)","decl":{"start":{"line":120,"column":39},"end":{"line":120,"column":40}},"loc":{"start":{"line":120,"column":62},"end":{"line":125,"column":3}},"line":120},"9":{"name":"reactionReply","decl":{"start":{"line":131,"column":16},"end":{"line":131,"column":null}},"loc":{"start":{"line":135,"column":17},"end":{"line":148,"column":null}},"line":135}},"branchMap":{"0":{"loc":{"start":{"line":57,"column":2},"end":{"line":57,"column":null}},"type":"if","locations":[{"start":{"line":57,"column":2},"end":{"line":57,"column":null}},{"start":{},"end":{}}],"line":57},"1":{"loc":{"start":{"line":57,"column":6},"end":{"line":57,"column":30}},"type":"binary-expr","locations":[{"start":{"line":57,"column":6},"end":{"line":57,"column":19}},{"start":{"line":57,"column":19},"end":{"line":57,"column":30}}],"line":57},"2":{"loc":{"start":{"line":58,"column":2},"end":{"line":58,"column":null}},"type":"if","locations":[{"start":{"line":58,"column":2},"end":{"line":58,"column":null}},{"start":{},"end":{}}],"line":58},"3":{"loc":{"start":{"line":58,"column":6},"end":{"line":58,"column":31}},"type":"binary-expr","locations":[{"start":{"line":58,"column":6},"end":{"line":58,"column":20}},{"start":{"line":58,"column":20},"end":{"line":58,"column":31}}],"line":58},"4":{"loc":{"start":{"line":59,"column":2},"end":{"line":59,"column":null}},"type":"if","locations":[{"start":{"line":59,"column":2},"end":{"line":59,"column":null}},{"start":{},"end":{}}],"line":59},"5":{"loc":{"start":{"line":59,"column":6},"end":{"line":59,"column":31}},"type":"binary-expr","locations":[{"start":{"line":59,"column":6},"end":{"line":59,"column":20}},{"start":{"line":59,"column":20},"end":{"line":59,"column":31}}],"line":59},"6":{"loc":{"start":{"line":60,"column":2},"end":{"line":60,"column":null}},"type":"if","locations":[{"start":{"line":60,"column":2},"end":{"line":60,"column":null}},{"start":{},"end":{}}],"line":60},"7":{"loc":{"start":{"line":60,"column":6},"end":{"line":60,"column":31}},"type":"binary-expr","locations":[{"start":{"line":60,"column":6},"end":{"line":60,"column":20}},{"start":{"line":60,"column":20},"end":{"line":60,"column":31}}],"line":60},"8":{"loc":{"start":{"line":83,"column":63},"end":{"line":83,"column":92}},"type":"default-arg","locations":[{"start":{"line":83,"column":73},"end":{"line":83,"column":92}}],"line":83},"9":{"loc":{"start":{"line":84,"column":2},"end":{"line":84,"column":null}},"type":"if","locations":[{"start":{"line":84,"column":2},"end":{"line":84,"column":null}},{"start":{},"end":{}}],"line":84},"10":{"loc":{"start":{"line":86,"column":15},"end":{"line":86,"column":null}},"type":"cond-expr","locations":[{"start":{"line":86,"column":39},"end":{"line":86,"column":52}},{"start":{"line":86,"column":52},"end":{"line":86,"column":null}}],"line":86},"11":{"loc":{"start":{"line":88,"column":16},"end":{"line":88,"column":33}},"type":"binary-expr","locations":[{"start":{"line":88,"column":16},"end":{"line":88,"column":27}},{"start":{"line":88,"column":27},"end":{"line":88,"column":33}}],"line":88},"12":{"loc":{"start":{"line":105,"column":2},"end":{"line":105,"column":null}},"type":"if","locations":[{"start":{"line":105,"column":2},"end":{"line":105,"column":null}},{"start":{},"end":{}}],"line":105},"13":{"loc":{"start":{"line":112,"column":2},"end":{"line":112,"column":null}},"type":"if","locations":[{"start":{"line":112,"column":2},"end":{"line":112,"column":null}},{"start":{},"end":{}}],"line":112},"14":{"loc":{"start":{"line":121,"column":18},"end":{"line":121,"column":null}},"type":"binary-expr","locations":[{"start":{"line":121,"column":18},"end":{"line":121,"column":31}},{"start":{"line":121,"column":31},"end":{"line":121,"column":null}}],"line":121},"15":{"loc":{"start":{"line":122,"column":4},"end":{"line":122,"column":null}},"type":"if","locations":[{"start":{"line":122,"column":4},"end":{"line":122,"column":null}},{"start":{},"end":{}}],"line":122},"16":{"loc":{"start":{"line":123,"column":20},"end":{"line":123,"column":null}},"type":"cond-expr","locations":[{"start":{"line":123,"column":46},"end":{"line":123,"column":79}},{"start":{"line":123,"column":79},"end":{"line":123,"column":null}}],"line":123},"17":{"loc":{"start":{"line":136,"column":19},"end":{"line":136,"column":null}},"type":"binary-expr","locations":[{"start":{"line":136,"column":19},"end":{"line":136,"column":38}},{"start":{"line":136,"column":38},"end":{"line":136,"column":null}}],"line":136},"18":{"loc":{"start":{"line":136,"column":38},"end":{"line":136,"column":null}},"type":"cond-expr","locations":[{"start":{"line":136,"column":62},"end":{"line":136,"column":75}},{"start":{"line":136,"column":75},"end":{"line":136,"column":null}}],"line":136},"19":{"loc":{"start":{"line":138,"column":2},"end":{"line":138,"column":null}},"type":"if","locations":[{"start":{"line":138,"column":2},"end":{"line":138,"column":null}},{"start":{},"end":{}}],"line":138},"20":{"loc":{"start":{"line":138,"column":6},"end":{"line":138,"column":34}},"type":"binary-expr","locations":[{"start":{"line":138,"column":6},"end":{"line":138,"column":15}},{"start":{"line":138,"column":15},"end":{"line":138,"column":34}}],"line":138},"21":{"loc":{"start":{"line":140,"column":2},"end":{"line":140,"column":null}},"type":"if","locations":[{"start":{"line":140,"column":2},"end":{"line":140,"column":null}},{"start":{},"end":{}}],"line":140},"22":{"loc":{"start":{"line":142,"column":17},"end":{"line":142,"column":null}},"type":"binary-expr","locations":[{"start":{"line":142,"column":17},"end":{"line":142,"column":38}},{"start":{"line":142,"column":38},"end":{"line":142,"column":null}}],"line":142},"23":{"loc":{"start":{"line":143,"column":11},"end":{"line":143,"column":null}},"type":"binary-expr","locations":[{"start":{"line":143,"column":11},"end":{"line":143,"column":26}},{"start":{"line":143,"column":26},"end":{"line":143,"column":null}}],"line":143},"24":{"loc":{"start":{"line":146,"column":2},"end":{"line":146,"column":null}},"type":"if","locations":[{"start":{"line":146,"column":2},"end":{"line":146,"column":null}},{"start":{},"end":{}}],"line":146},"25":{"loc":{"start":{"line":146,"column":6},"end":{"line":146,"column":43}},"type":"binary-expr","locations":[{"start":{"line":146,"column":6},"end":{"line":146,"column":31}},{"start":{"line":146,"column":31},"end":{"line":146,"column":43}}],"line":146}},"s":{"0":2,"1":14,"2":4,"3":10,"4":2,"5":8,"6":2,"7":6,"8":2,"9":4,"10":2,"11":114,"12":2,"13":112,"14":537,"15":112,"16":114,"17":114,"18":3,"19":3,"20":1,"21":5,"22":5,"23":2,"24":3,"25":2,"26":2,"27":1,"28":1,"29":2,"30":9,"31":8,"32":8,"33":3,"34":5,"35":8,"36":9,"37":9,"38":4,"39":4,"40":4,"41":1,"42":3,"43":3,"44":0,"45":3,"46":4,"47":4,"48":1,"49":3},"f":{"0":14,"1":114,"2":537,"3":3,"4":1,"5":5,"6":2,"7":9,"8":8,"9":4},"b":{"0":[4,10],"1":[14,12],"2":[2,8],"3":[10,8],"4":[2,6],"5":[8,6],"6":[2,4],"7":[6,4],"8":[114],"9":[2,112],"10":[111,1],"11":[114,102],"12":[2,3],"13":[1,1],"14":[8,2],"15":[3,5],"16":[2,3],"17":[4,0],"18":[0,0],"19":[1,3],"20":[4,4],"21":[0,3],"22":[3,2],"23":[4,2],"24":[1,3],"25":[4,1]},"meta":{"lastBranch":26,"lastFunction":10,"lastStatement":50,"seen":{"s:31:43:51:Infinity":0,"f:56:16:56:28":0,"b:57:2:57:Infinity:undefined:undefined:undefined:undefined":0,"s:57:2:57:Infinity":1,"b:57:6:57:19:57:19:57:30":1,"s:57:30:57:Infinity":2,"b:58:2:58:Infinity:undefined:undefined:undefined:undefined":2,"s:58:2:58:Infinity":3,"b:58:6:58:20:58:20:58:31":3,"s:58:31:58:Infinity":4,"b:59:2:59:Infinity:undefined:undefined:undefined:undefined":4,"s:59:2:59:Infinity":5,"b:59:6:59:20:59:20:59:31":5,"s:59:31:59:Infinity":6,"b:60:2:60:Infinity:undefined:undefined:undefined:undefined":6,"s:60:2:60:Infinity":7,"b:60:6:60:20:60:20:60:31":7,"s:60:31:60:Infinity":8,"s:61:2:61:Infinity":9,"s:65:62:80:Infinity":10,"f:83:16:83:25":1,"b:83:73:83:92":8,"b:84:2:84:Infinity:undefined:undefined:undefined:undefined":9,"s:84:2:84:Infinity":11,"s:84:25:84:Infinity":12,"s:85:21:85:Infinity":13,"f:85:33:85:34":2,"s:85:40:85:51":14,"s:86:15:86:Infinity":15,"b:86:39:86:52:86:52:86:Infinity":10,"s:87:15:87:Infinity":16,"s:88:2:88:Infinity":17,"b:88:16:88:27:88:27:88:33":11,"f:92:16:92:31":3,"s:93:18:93:Infinity":18,"s:94:2:94:Infinity":19,"f:98:16:98:30":4,"s:99:2:99:Infinity":20,"f:103:16:103:28":5,"s:104:18:104:Infinity":21,"b:105:2:105:Infinity:undefined:undefined:undefined:undefined":12,"s:105:2:105:Infinity":22,"s:105:16:105:Infinity":23,"s:106:2:106:Infinity":24,"f:110:16:110:28":6,"s:111:15:111:Infinity":25,"b:112:2:112:Infinity:undefined:undefined:undefined:undefined":13,"s:112:2:112:Infinity":26,"s:112:13:112:Infinity":27,"s:113:2:113:Infinity":28,"s:116:17:116:Infinity":29,"f:119:16:119:34":7,"s:120:12:125:Infinity":30,"f:120:39:120:40":8,"s:121:18:121:Infinity":31,"b:121:18:121:31:121:31:121:Infinity":14,"b:122:4:122:Infinity:undefined:undefined:undefined:undefined":15,"s:122:4:122:Infinity":32,"s:122:22:122:Infinity":33,"s:123:20:123:Infinity":34,"b:123:46:123:79:123:79:123:Infinity":16,"s:124:4:124:Infinity":35,"s:126:2:126:Infinity":36,"s:127:2:127:Infinity":37,"f:131:16:131:Infinity":9,"s:136:19:136:Infinity":38,"b:136:19:136:38:136:38:136:Infinity":17,"b:136:62:136:75:136:75:136:Infinity":18,"s:137:15:137:Infinity":39,"b:138:2:138:Infinity:undefined:undefined:undefined:undefined":19,"s:138:2:138:Infinity":40,"b:138:6:138:15:138:15:138:34":20,"s:138:34:138:Infinity":41,"s:139:15:139:Infinity":42,"b:140:2:140:Infinity:undefined:undefined:undefined:undefined":21,"s:140:2:140:Infinity":43,"s:140:13:140:Infinity":44,"s:141:39:144:Infinity":45,"b:142:17:142:38:142:38:142:Infinity":22,"b:143:11:143:26:143:26:143:Infinity":23,"s:145:13:145:Infinity":46,"b:146:2:146:Infinity:undefined:undefined:undefined:undefined":24,"s:146:2:146:Infinity":47,"b:146:6:146:31:146:31:146:43":25,"s:146:43:146:Infinity":48,"s:147:2:147:Infinity":49},"fnNames":{}}}
}
